This is pdfTeX, Version 3.1415926-2.5-1.40.14 (MiKTeX 2.9) (preloaded format=pdflatex 2017.10.2)  2 OCT 2017 10:53
entering extended mode
**C:/Documents*and*Settings/helder.felix/git/github/cpc-neuro/CPC-NEURO2014.tex

("C:/Documents and Settings/helder.felix/git/github/cpc-neuro/CPC-NEURO2014.tex
"
LaTeX2e <2011/06/27>
Babel <v3.8m> and hyphenation patterns for english, afrikaans, ancientgreek, ar
abic, armenian, assamese, basque, bengali, bokmal, bulgarian, catalan, coptic, 
croatian, czech, danish, dutch, esperanto, estonian, farsi, finnish, french, ga
lician, german, german-x-2013-05-26, greek, gujarati, hindi, hungarian, iceland
ic, indonesian, interlingua, irish, italian, kannada, kurmanji, latin, latvian,
 lithuanian, malayalam, marathi, mongolian, mongolianlmc, monogreek, ngerman, n
german-x-2013-05-26, nynorsk, oriya, panjabi, pinyin, polish, portuguese, roman
ian, russian, sanskrit, serbian, slovak, slovenian, spanish, swedish, swissgerm
an, tamil, telugu, turkish, turkmen, ukenglish, ukrainian, uppersorbian, usengl
ishmax, welsh, loaded.
("C:\Documents and Settings\helder.felix\Tex\tex\latex\memoir\memoir.cls"
Document Class: memoir 2016/05/16 v3.7f configurable book, report, article docu
ment class
\onelineskip=\skip41
\lxvchars=\skip42
\xlvchars=\skip43
\@memcnta=\count79
\c@@memmarkcntra=\count80
\l@nohyphenation=\language69
("C:\Documents and Settings\helder.felix\Tex\tex\generic\oberdiek\ifpdf.sty"
Package: ifpdf 2011/01/30 v2.3 Provides the ifpdf switch (HO)
Package ifpdf Info: pdfTeX in PDF mode is detected.
)
("C:\Documents and Settings\helder.felix\Tex\tex\latex\ifetex\ifetex.sty"
Package: ifetex 2011/12/15 v1.2 ifetex

("C:\Documents and Settings\helder.felix\Tex\tex\plain\ifetex\ifetex.tex"))
("C:\Documents and Settings\helder.felix\Tex\tex\generic\ifxetex\ifxetex.sty"
Package: ifxetex 2010/09/12 v0.6 Provides ifxetex conditional
)
("C:\Documents and Settings\helder.felix\Tex\tex\generic\oberdiek\ifluatex.sty"
Package: ifluatex 2010/03/01 v1.3 Provides the ifluatex switch (HO)
Package ifluatex Info: LuaTeX not detected.
)
\stockheight=\skip44
\stockwidth=\skip45
\trimtop=\skip46
\trimedge=\skip47
 ("C:\Documents and Settings\helder.felix\Tex\tex\latex\misc\etex.sty"
Package: etex 1998/03/26 v2.0 eTeX basic definition package (PEB)
\et@xins=\count81
)
("C:\Documents and Settings\helder.felix\Tex\tex\latex\memoir\mem11.clo"
File: mem11.clo 2008/01/30 v0.3 memoir class 11pt size option
)
\binding=\skip48
\spinemargin=\skip49
\foremargin=\skip50
\uppermargin=\skip51
\lowermargin=\skip52
\headdrop=\skip53
\normalrulethickness=\skip54
\mem@maxheadheight=\skip55
\mem@maxfootheight=\skip56
\headwidth=\skip57
\c@storedpagenumber=\count82
\memPD=\dimen102
\m@mabparskip=\skip58
\thanksmarkwidth=\skip59
\thanksmarksep=\skip60
\droptitle=\skip61
\c@book=\count83
\c@part=\count84
\c@chapter=\count85
\c@section=\count86
\c@subsection=\count87
\c@subsubsection=\count88
\c@paragraph=\count89
\c@subparagraph=\count90
\beforechapskip=\skip62
\midchapskip=\skip63
\afterchapskip=\skip64
\chapindent=\skip65
\bottomsectionskip=\skip66
\secindent=\skip67
\beforesecskip=\skip68
\aftersecskip=\skip69
\subsecindent=\skip70
\beforesubsecskip=\skip71
\aftersubsecskip=\skip72
\subsubsecindent=\skip73
\beforesubsubsecskip=\skip74
\aftersubsubsecskip=\skip75
\paraindent=\skip76
\beforeparaskip=\skip77
\afterparaskip=\skip78
\subparaindent=\skip79
\beforesubparaskip=\skip80
\aftersubparaskip=\skip81
\pfbreakskip=\skip82
\c@@ppsavesec=\count91
\c@@ppsaveapp=\count92
\ragrparindent=\dimen103
\everylistparindent=\dimen104
\parsepi=\skip83
\topsepi=\skip84
\itemsepi=\skip85
\parsepii=\skip86
\topsepii=\skip87
\topsepiii=\skip88
\itemsepii=\skip89
\itemsepiii=\skip90
\partopsepii=\skip91
\partopsepiii=\skip92
\m@msavetopsep=\skip93
\m@msavepartopsep=\skip94
\@enLab=\toks14
\abstitleskip=\skip95
\absleftindent=\skip96
\abs@leftindent=\dimen105
\absrightindent=\skip97
\absparindent=\skip98
\absparsep=\skip99
\c@vslineno=\count93
\c@poemline=\count94
\c@modulo@vs=\count95
\c@memfvsline=\count96
\vleftskip=\skip100
\vrightskip=\skip101
\stanzaskip=\skip102
\versewidth=\skip103
\vgap=\skip104
\vindent=\skip105
\vleftmargin=\dimen106
\c@verse=\count97
\c@chrsinstr=\count98
\beforepoemtitleskip=\skip106
\afterpoemtitleskip=\skip107
\c@poem=\count99
\beforePoemTitleskip=\skip108
\midPoemTitleskip=\skip109
\afterPoemTitleskip=\skip110
\col@sep=\dimen107
\extrarowheight=\dimen108
\NC@list=\toks15
\extratabsurround=\skip111
\backup@length=\skip112
\TX@col@width=\dimen109
\TX@old@table=\dimen110
\TX@old@col=\dimen111
\TX@target=\dimen112
\TX@delta=\dimen113
\TX@cols=\count100
\TX@ftn=\toks16
\heavyrulewidth=\dimen114
\lightrulewidth=\dimen115
\cmidrulewidth=\dimen116
\belowrulesep=\dimen117
\belowbottomsep=\dimen118
\aboverulesep=\dimen119
\abovetopsep=\dimen120
\cmidrulesep=\dimen121
\cmidrulekern=\dimen122
\defaultaddspace=\dimen123
\@cmidla=\count101
\@cmidlb=\count102
\@aboverulesep=\dimen124
\@belowrulesep=\dimen125
\@thisruleclass=\count103
\@lastruleclass=\count104
\@thisrulewidth=\dimen126
\ctableftskip=\skip113
\ctabrightskip=\skip114
\abovecolumnspenalty=\count105
\@linestogo=\count106
\@cellstogo=\count107
\@cellsincolumn=\count108
\crtok=\toks17
\@mincolumnwidth=\dimen127
\c@newflo@tctr=\count109
\mem@margin@floatbox=\box26
\@contcwidth=\skip115
\@contindw=\skip116
\abovecaptionskip=\skip117
\belowcaptionskip=\skip118
\subfloattopskip=\skip119
\subfloatcapskip=\skip120
\subfloatcaptopadj=\skip121
\subfloatbottomskip=\skip122
\subfloatlabelskip=\skip123
\subfloatcapmargin=\dimen128
\c@@contsubnum=\count110
\m@mscap@capbox=\box27
\m@mscap@fbox=\box28
\sidecapsep=\dimen129
\sidecapwidth=\dimen130
\m@m@tempdima=\dimen131
\m@mscapraise=\dimen132
\sidecapraise=\dimen133
\m@mscapmainwidth=\dimen134
\m@mscaplkern=\dimen135
\beforeepigraphskip=\skip124
\afterepigraphskip=\skip125
\epigraphwidth=\skip126
\epigraphrule=\skip127
LaTeX Info: Redefining \em on input line 7551.
LaTeX Info: Redefining \emph on input line 7559.
\tocentryskip=\skip128
\tocbaseline=\skip129
\cftparskip=\skip130
\cftbeforebookskip=\skip131
\cftbookindent=\dimen136
\cftbooknumwidth=\dimen137
\cftbeforepartskip=\skip132
\cftpartindent=\skip133
\cftpartnumwidth=\skip134
\cftbeforechapterskip=\skip135
\cftchapterindent=\skip136
\cftchapternumwidth=\skip137
\cftbeforesectionskip=\skip138
\cftsectionindent=\skip139
\cftsectionnumwidth=\skip140
\cftbeforesubsectionskip=\skip141
\cftsubsectionindent=\skip142
\cftsubsectionnumwidth=\skip143
\cftbeforesubsubsectionskip=\skip144
\cftsubsubsectionindent=\skip145
\cftsubsubsectionnumwidth=\skip146
\cftbeforeparagraphskip=\skip147
\cftparagraphindent=\skip148
\cftparagraphnumwidth=\skip149
\cftbeforesubparagraphskip=\skip150
\cftsubparagraphindent=\skip151
\cftsubparagraphnumwidth=\skip152
\prechapterprecisshift=\dimen138
\c@maxsecnumdepth=\count111
\bibindent=\dimen139
\bibitemsep=\skip153
\indexcolsep=\skip154
\indexrule=\skip155
\indexmarkstyle=\toks18
\@indexbox=\insert233
\glossarycolsep=\dimen140
\glossaryrule=\dimen141
\sideparvshift=\skip156
\sideins=\insert232
\sidebartopsep=\skip157
\sidebarhsep=\skip158
\sidebarvsep=\skip159
\sidebarwidth=\skip160
\footmarkwidth=\skip161
\footmarksep=\skip162
\footparindent=\skip163
\footinsdim=\skip164
\footinsv@r=\insert231
\@mpfootinsv@r=\insert230
\m@m@k=\count112
\m@m@h=\dimen142
\m@mipn@skip=\skip165
\sidefootins=\insert229
\sidefootadjust=\skip166
\sidefootheight=\skip167
\sidefoothsep=\skip168
\sidefootvsep=\skip169
\sidefootwidth=\skip170
\m@mdownsf=\skip171
\c@sidefootnote=\count113
\sidefootmarkwidth=\skip172
\sidefootmarksep=\skip173
\sidefootparindent=\skip174
\c@pagenote=\count114
\c@pagenoteshadow=\count115
\mem@pn@lastkern=\skip175
\every@verbatim=\toks19
\afterevery@verbatim=\toks20
\verbatim@line=\toks21
\tab@position=\count116
\verbatim@in@stream=\read1
\verbatimindent=\skip176
\verbatim@out=\write3
\bvboxsep=\skip177
\c@memfbvline=\count117
\c@bvlinectr=\count118
\bvnumlength=\skip178
\fb@frw=\dimen143
\fb@frh=\dimen144
\FrameRule=\dimen145
\FrameSep=\dimen146
\c@cp@cntr=\count119
LaTeX Info: Redefining \: on input line 12068.
LaTeX Info: Redefining \! on input line 12070.
\c@ism@mctr=\count120
\c@xsm@mctr=\count121
\c@csm@mctr=\count122
\c@ksm@mctr=\count123
\c@xksm@mctr=\count124
\c@cksm@mctr=\count125
\c@msm@mctr=\count126
\c@xmsm@mctr=\count127
\c@cmsm@mctr=\count128
\c@bsm@mctr=\count129
\c@workm@mctr=\count130
\c@sheetsequence=\count131
\c@lastsheet=\count132
\c@lastpage=\count133
\c@figure=\count134
\c@lofdepth=\count135
\cftbeforefigureskip=\skip179
\cftfigureindent=\skip180
\cftfigurenumwidth=\skip181
\c@table=\count136
\c@lotdepth=\count137
\cftbeforetableskip=\skip182
\cfttableindent=\skip183
\cfttablenumwidth=\skip184
Package abstract [2008/07/23] emulated by memoir.
Package appendix [2008/07/23] emulated by memoir.
Package array [2008/09/09] emulated by memoir.
Package booktabs [2016/05/16] emulated by memoir.
Package ccaption [2008/07/23] emulated by memoir.
Package changepage [2008/07/23] emulated by memoir.
Package chngcntr [2008/07/23] emulated by memoir.
Package chngpage [2008/07/23] emulated by memoir.
Package crop emulated by memoir.
Package dcolumn [2008/07/23] emulated by memoir.
Package delarray [2008/07/23] emulated by memoir.
Package enumerate [2008/07/23] emulated by memoir.
Package epigraph [2008/07/23] emulated by memoir.
Package ifmtarg [2008/07/23] emulated by memoir.
Package index [2008/07/23] emulated by memoir.
Package makeidx [2008/07/23] emulated by memoir.
Package moreverb [2008/07/23] emulated by memoir.
Package mparhack [2008/07/23] emulated by memoir.
Package needspace [2008/07/23] emulated by memoir.
Package newfile [2008/07/23] emulated by memoir.
Package nextpage [2008/07/23] emulated by memoir.
Package pagenote [2008/07/23] emulated by memoir.
Package parskip [2008/07/23] emulated by memoir.
Package patchcmd [2008/07/23] emulated by memoir.
Package setspace [2008/07/23] emulated by memoir.
Package shortvrb [2008/07/23] emulated by memoir.
Package showidx [2008/07/23] emulated by memoir.
Package tabularx [2008/07/23] emulated by memoir.
Package titleref [2008/07/23] emulated by memoir.
Package titling [2008/07/23] emulated by memoir.
Package tocbibind [2008/07/23] emulated by memoir.
Package tocloft [2008/07/23] emulated by memoir.
Package tocvsec2 [2008/07/23] emulated by memoir.
Package verbatim [2008/07/23] emulated by memoir.
Package verse [2008/07/23] emulated by memoir.

("C:\Documents and Settings\helder.felix\Tex\tex\latex\memoir\mempatch.sty"
Package: mempatch 2009/07/24 v6.0f Patches for memoir class v1.6180339
))
("C:\Documents and Settings\helder.felix\Tex\tex\latex\base\inputenc.sty"
Package: inputenc 2008/03/30 v1.1d Input encoding file
\inpenc@prehook=\toks22
\inpenc@posthook=\toks23

("C:\Documents and Settings\helder.felix\Tex\tex\latex\base\utf8.def"
File: utf8.def 2008/04/05 v1.1m UTF-8 support for inputenc
Now handling font encoding OML ...
... no UTF-8 mapping file for font encoding OML
Now handling font encoding T1 ...
... processing UTF-8 mapping file for font encoding T1

("C:\Documents and Settings\helder.felix\Tex\tex\latex\base\t1enc.dfu"
File: t1enc.dfu 2008/04/05 v1.1m UTF-8 support for inputenc
   defining Unicode char U+00A1 (decimal 161)
   defining Unicode char U+00A3 (decimal 163)
   defining Unicode char U+00AB (decimal 171)
   defining Unicode char U+00BB (decimal 187)
   defining Unicode char U+00BF (decimal 191)
   defining Unicode char U+00C0 (decimal 192)
   defining Unicode char U+00C1 (decimal 193)
   defining Unicode char U+00C2 (decimal 194)
   defining Unicode char U+00C3 (decimal 195)
   defining Unicode char U+00C4 (decimal 196)
   defining Unicode char U+00C5 (decimal 197)
   defining Unicode char U+00C6 (decimal 198)
   defining Unicode char U+00C7 (decimal 199)
   defining Unicode char U+00C8 (decimal 200)
   defining Unicode char U+00C9 (decimal 201)
   defining Unicode char U+00CA (decimal 202)
   defining Unicode char U+00CB (decimal 203)
   defining Unicode char U+00CC (decimal 204)
   defining Unicode char U+00CD (decimal 205)
   defining Unicode char U+00CE (decimal 206)
   defining Unicode char U+00CF (decimal 207)
   defining Unicode char U+00D0 (decimal 208)
   defining Unicode char U+00D1 (decimal 209)
   defining Unicode char U+00D2 (decimal 210)
   defining Unicode char U+00D3 (decimal 211)
   defining Unicode char U+00D4 (decimal 212)
   defining Unicode char U+00D5 (decimal 213)
   defining Unicode char U+00D6 (decimal 214)
   defining Unicode char U+00D8 (decimal 216)
   defining Unicode char U+00D9 (decimal 217)
   defining Unicode char U+00DA (decimal 218)
   defining Unicode char U+00DB (decimal 219)
   defining Unicode char U+00DC (decimal 220)
   defining Unicode char U+00DD (decimal 221)
   defining Unicode char U+00DE (decimal 222)
   defining Unicode char U+00DF (decimal 223)
   defining Unicode char U+00E0 (decimal 224)
   defining Unicode char U+00E1 (decimal 225)
   defining Unicode char U+00E2 (decimal 226)
   defining Unicode char U+00E3 (decimal 227)
   defining Unicode char U+00E4 (decimal 228)
   defining Unicode char U+00E5 (decimal 229)
   defining Unicode char U+00E6 (decimal 230)
   defining Unicode char U+00E7 (decimal 231)
   defining Unicode char U+00E8 (decimal 232)
   defining Unicode char U+00E9 (decimal 233)
   defining Unicode char U+00EA (decimal 234)
   defining Unicode char U+00EB (decimal 235)
   defining Unicode char U+00EC (decimal 236)
   defining Unicode char U+00ED (decimal 237)
   defining Unicode char U+00EE (decimal 238)
   defining Unicode char U+00EF (decimal 239)
   defining Unicode char U+00F0 (decimal 240)
   defining Unicode char U+00F1 (decimal 241)
   defining Unicode char U+00F2 (decimal 242)
   defining Unicode char U+00F3 (decimal 243)
   defining Unicode char U+00F4 (decimal 244)
   defining Unicode char U+00F5 (decimal 245)
   defining Unicode char U+00F6 (decimal 246)
   defining Unicode char U+00F8 (decimal 248)
   defining Unicode char U+00F9 (decimal 249)
   defining Unicode char U+00FA (decimal 250)
   defining Unicode char U+00FB (decimal 251)
   defining Unicode char U+00FC (decimal 252)
   defining Unicode char U+00FD (decimal 253)
   defining Unicode char U+00FE (decimal 254)
   defining Unicode char U+00FF (decimal 255)
   defining Unicode char U+0102 (decimal 258)
   defining Unicode char U+0103 (decimal 259)
   defining Unicode char U+0104 (decimal 260)
   defining Unicode char U+0105 (decimal 261)
   defining Unicode char U+0106 (decimal 262)
   defining Unicode char U+0107 (decimal 263)
   defining Unicode char U+010C (decimal 268)
   defining Unicode char U+010D (decimal 269)
   defining Unicode char U+010E (decimal 270)
   defining Unicode char U+010F (decimal 271)
   defining Unicode char U+0110 (decimal 272)
   defining Unicode char U+0111 (decimal 273)
   defining Unicode char U+0118 (decimal 280)
   defining Unicode char U+0119 (decimal 281)
   defining Unicode char U+011A (decimal 282)
   defining Unicode char U+011B (decimal 283)
   defining Unicode char U+011E (decimal 286)
   defining Unicode char U+011F (decimal 287)
   defining Unicode char U+0130 (decimal 304)
   defining Unicode char U+0131 (decimal 305)
   defining Unicode char U+0132 (decimal 306)
   defining Unicode char U+0133 (decimal 307)
   defining Unicode char U+0139 (decimal 313)
   defining Unicode char U+013A (decimal 314)
   defining Unicode char U+013D (decimal 317)
   defining Unicode char U+013E (decimal 318)
   defining Unicode char U+0141 (decimal 321)
   defining Unicode char U+0142 (decimal 322)
   defining Unicode char U+0143 (decimal 323)
   defining Unicode char U+0144 (decimal 324)
   defining Unicode char U+0147 (decimal 327)
   defining Unicode char U+0148 (decimal 328)
   defining Unicode char U+014A (decimal 330)
   defining Unicode char U+014B (decimal 331)
   defining Unicode char U+0150 (decimal 336)
   defining Unicode char U+0151 (decimal 337)
   defining Unicode char U+0152 (decimal 338)
   defining Unicode char U+0153 (decimal 339)
   defining Unicode char U+0154 (decimal 340)
   defining Unicode char U+0155 (decimal 341)
   defining Unicode char U+0158 (decimal 344)
   defining Unicode char U+0159 (decimal 345)
   defining Unicode char U+015A (decimal 346)
   defining Unicode char U+015B (decimal 347)
   defining Unicode char U+015E (decimal 350)
   defining Unicode char U+015F (decimal 351)
   defining Unicode char U+0160 (decimal 352)
   defining Unicode char U+0161 (decimal 353)
   defining Unicode char U+0162 (decimal 354)
   defining Unicode char U+0163 (decimal 355)
   defining Unicode char U+0164 (decimal 356)
   defining Unicode char U+0165 (decimal 357)
   defining Unicode char U+016E (decimal 366)
   defining Unicode char U+016F (decimal 367)
   defining Unicode char U+0170 (decimal 368)
   defining Unicode char U+0171 (decimal 369)
   defining Unicode char U+0178 (decimal 376)
   defining Unicode char U+0179 (decimal 377)
   defining Unicode char U+017A (decimal 378)
   defining Unicode char U+017B (decimal 379)
   defining Unicode char U+017C (decimal 380)
   defining Unicode char U+017D (decimal 381)
   defining Unicode char U+017E (decimal 382)
   defining Unicode char U+200C (decimal 8204)
   defining Unicode char U+2013 (decimal 8211)
   defining Unicode char U+2014 (decimal 8212)
   defining Unicode char U+2018 (decimal 8216)
   defining Unicode char U+2019 (decimal 8217)
   defining Unicode char U+201A (decimal 8218)
   defining Unicode char U+201C (decimal 8220)
   defining Unicode char U+201D (decimal 8221)
   defining Unicode char U+201E (decimal 8222)
   defining Unicode char U+2030 (decimal 8240)
   defining Unicode char U+2031 (decimal 8241)
   defining Unicode char U+2039 (decimal 8249)
   defining Unicode char U+203A (decimal 8250)
   defining Unicode char U+2423 (decimal 9251)
)
Now handling font encoding OT1 ...
... processing UTF-8 mapping file for font encoding OT1

("C:\Documents and Settings\helder.felix\Tex\tex\latex\base\ot1enc.dfu"
File: ot1enc.dfu 2008/04/05 v1.1m UTF-8 support for inputenc
   defining Unicode char U+00A1 (decimal 161)
   defining Unicode char U+00A3 (decimal 163)
   defining Unicode char U+00B8 (decimal 184)
   defining Unicode char U+00BF (decimal 191)
   defining Unicode char U+00C5 (decimal 197)
   defining Unicode char U+00C6 (decimal 198)
   defining Unicode char U+00D8 (decimal 216)
   defining Unicode char U+00DF (decimal 223)
   defining Unicode char U+00E6 (decimal 230)
   defining Unicode char U+00EC (decimal 236)
   defining Unicode char U+00ED (decimal 237)
   defining Unicode char U+00EE (decimal 238)
   defining Unicode char U+00EF (decimal 239)
   defining Unicode char U+00F8 (decimal 248)
   defining Unicode char U+0131 (decimal 305)
   defining Unicode char U+0141 (decimal 321)
   defining Unicode char U+0142 (decimal 322)
   defining Unicode char U+0152 (decimal 338)
   defining Unicode char U+0153 (decimal 339)
   defining Unicode char U+2013 (decimal 8211)
   defining Unicode char U+2014 (decimal 8212)
   defining Unicode char U+2018 (decimal 8216)
   defining Unicode char U+2019 (decimal 8217)
   defining Unicode char U+201C (decimal 8220)
   defining Unicode char U+201D (decimal 8221)
)
Now handling font encoding OMS ...
... processing UTF-8 mapping file for font encoding OMS

("C:\Documents and Settings\helder.felix\Tex\tex\latex\base\omsenc.dfu"
File: omsenc.dfu 2008/04/05 v1.1m UTF-8 support for inputenc
   defining Unicode char U+00A7 (decimal 167)
   defining Unicode char U+00B6 (decimal 182)
   defining Unicode char U+00B7 (decimal 183)
   defining Unicode char U+2020 (decimal 8224)
   defining Unicode char U+2021 (decimal 8225)
   defining Unicode char U+2022 (decimal 8226)
)
Now handling font encoding OMX ...
... no UTF-8 mapping file for font encoding OMX
Now handling font encoding U ...
... no UTF-8 mapping file for font encoding U
   defining Unicode char U+00A9 (decimal 169)
   defining Unicode char U+00AA (decimal 170)
   defining Unicode char U+00AE (decimal 174)
   defining Unicode char U+00BA (decimal 186)
   defining Unicode char U+02C6 (decimal 710)
   defining Unicode char U+02DC (decimal 732)
   defining Unicode char U+200C (decimal 8204)
   defining Unicode char U+2026 (decimal 8230)
   defining Unicode char U+2122 (decimal 8482)
   defining Unicode char U+2423 (decimal 9251)
))
("C:\Documents and Settings\helder.felix\Tex\tex\latex\base\fontenc.sty"
Package: fontenc 2005/09/27 v1.99g Standard LaTeX package

("C:\Documents and Settings\helder.felix\Tex\tex\latex\base\t1enc.def"
File: t1enc.def 2005/09/27 v1.99g Standard LaTeX file
LaTeX Font Info:    Redeclaring font encoding T1 on input line 43.
))
("C:\Documents and Settings\helder.felix\Tex\tex\latex\microtype\microtype.sty"
Package: microtype 2017/07/07 v2.7 Micro-typographical refinements (RS)
("C:\Documents and Settings\helder.felix\Tex\tex\latex\graphics\keyval.sty"
Package: keyval 1999/03/16 v1.13 key=value parser (DPC)
\KV@toks@=\toks24
)
\MT@toks=\toks25
\MT@count=\count138
LaTeX Info: Redefining \textls on input line 789.
\MT@outer@kern=\dimen147
LaTeX Info: Redefining \textmicrotypecontext on input line 1334.
\MT@listname@count=\count139

("C:\Documents and Settings\helder.felix\Tex\tex\latex\microtype\microtype-pdft
ex.def"
File: microtype-pdftex.def 2017/07/07 v2.7 Definitions specific to pdftex (RS)
LaTeX Info: Redefining \lsstyle on input line 912.
LaTeX Info: Redefining \lslig on input line 912.
\MT@outer@space=\skip185
)
Package microtype Info: Loading configuration file microtype.cfg.

("C:\Documents and Settings\helder.felix\Tex\tex\latex\microtype\microtype.cfg"
File: microtype.cfg 2017/07/07 v2.7 microtype main configuration file (RS)
)) ("C:\Documents and Settings\helder.felix\Tex\tex\latex\graphics\graphicx.sty
"
Package: graphicx 1999/02/16 v1.0f Enhanced LaTeX Graphics (DPC,SPQR)
 ("C:\Documents and Settings\helder.felix\Tex\tex\latex\graphics\graphics.sty"
Package: graphics 2009/02/05 v1.0o Standard LaTeX Graphics (DPC,SPQR)
("C:\Documents and Settings\helder.felix\Tex\tex\latex\graphics\trig.sty"
Package: trig 1999/03/16 v1.09 sin cos tan (DPC)
)
("C:\Documents and Settings\helder.felix\Tex\tex\latex\00miktex\graphics.cfg"
File: graphics.cfg 2007/01/18 v1.5 graphics configuration of teTeX/TeXLive
)
Package graphics Info: Driver file: dvips.def on input line 91.

("C:\Documents and Settings\helder.felix\Tex\tex\latex\graphics\dvips.def"
File: dvips.def 1999/02/16 v3.0i Driver-dependant file (DPC,SPQR)
))
\Gin@req@height=\dimen148
\Gin@req@width=\dimen149
)
("C:\Documents and Settings\helder.felix\Tex\tex\latex\xcolor\xcolor.sty"
Package: xcolor 2016/05/11 v2.12 LaTeX color extensions (UK)

("C:\Documents and Settings\helder.felix\Tex\tex\latex\00miktex\color.cfg"
File: color.cfg 2007/01/18 v1.5 color configuration of teTeX/TeXLive
)
Package xcolor Info: Driver file: pdftex.def on input line 225.

("C:\Documents and Settings\helder.felix\Tex\tex\latex\pdftex-def\pdftex.def"
File: pdftex.def 2011/05/27 v0.06d Graphics/color for pdfTeX

("C:\Documents and Settings\helder.felix\Tex\tex\generic\oberdiek\infwarerr.sty
"
Package: infwarerr 2010/04/08 v1.3 Providing info/warning/error messages (HO)
) ("C:\Documents and Settings\helder.felix\Tex\tex\generic\oberdiek\ltxcmds.sty
"
Package: ltxcmds 2011/11/09 v1.22 LaTeX kernel commands for general use (HO)
)
\Gread@gobject=\count140
)
Package xcolor Info: Model `cmy' substituted by `cmy0' on input line 1348.
Package xcolor Info: Model `RGB' extended on input line 1364.
Package xcolor Info: Model `HTML' substituted by `rgb' on input line 1366.
Package xcolor Info: Model `Hsb' substituted by `hsb' on input line 1367.
Package xcolor Info: Model `tHsb' substituted by `hsb' on input line 1368.
Package xcolor Info: Model `HSB' substituted by `hsb' on input line 1369.
Package xcolor Info: Model `Gray' substituted by `gray' on input line 1370.
Package xcolor Info: Model `wave' substituted by `hsb' on input line 1371.
) ("C:\Documents and Settings\helder.felix\Tex\tex\latex\psnfss\times.sty"
Package: times 2005/04/12 PSNFSS-v9.2a (SPQR) 
) ("C:\Documents and Settings\helder.felix\Tex\tex\generic\babel\babel.sty"
Package: babel 2008/07/08 v3.8m The Babel package

*************************************
* Local config file bblopts.cfg used
*
("C:\Documents and Settings\helder.felix\Tex\tex\latex\00miktex\bblopts.cfg"
File: bblopts.cfg 2006/07/31 v1.0 MiKTeX 'babel' configuration
)
("C:\Documents and Settings\helder.felix\Tex\tex\generic\babel\portuges.ldf"
Language: portuges 2008/03/18 v1.2q Portuguese support from the babel system

("C:\Documents and Settings\helder.felix\Tex\tex\generic\babel\babel.def"
File: babel.def 2008/07/08 v3.8m Babel common definitions
\babel@savecnt=\count141
\U@D=\dimen150
)
\l@brazilian = a dialect from \language\l@portuges 
Package babel Info: Making " an active character on input line 145.
))
("C:\Documents and Settings\helder.felix\Tex\tex\latex\tools\indentfirst.sty"
Package: indentfirst 1995/11/23 v1.03 Indent first paragraph (DPC)
)
("C:\Documents and Settings\helder.felix\Tex\tex\latex\multirow\multirow.sty"
\bigstrutjot=\dimen151
)

Class memoir Warning: You are using the caption package with the memoir class. 
To prepare we will now reset all captioning macros and configurations to kernel
 defaults, and then let the caption package take over. Please remember to use
 the caption package interfaces in order to
 configure your captions.

("C:\Documents and Settings\helder.felix\Tex\tex\latex\caption\caption.sty"
Package: caption 2016/02/21 v3.3-144 Customizing captions (AR)

("C:\Documents and Settings\helder.felix\Tex\tex\latex\caption\caption3.sty"
Package: caption3 2016/05/22 v1.7-166 caption3 kernel (AR)
Package caption3 Info: TeX engine: e-TeX on input line 67.
\captionmargin=\dimen152
\captionmargin@=\dimen153
\captionwidth=\dimen154
\caption@tempdima=\dimen155
\caption@indent=\dimen156
\caption@parindent=\dimen157
\caption@hangindent=\dimen158
)
\c@ContinuedFloat=\count142
)
("C:\Documents and Settings\helder.felix\Tex\tex\latex\psnfss\courier.sty"
Package: courier 2005/04/12 PSNFSS-v9.2a (WaS) 
)
("C:\Documents and Settings\helder.felix\Tex\tex\latex\tools\longtable.sty"
Package: longtable 2004/02/01 v4.11 Multi-page Table package (DPC)
\LTleft=\skip186
\LTright=\skip187
\LTpre=\skip188
\LTpost=\skip189
\LTchunksize=\count143
\LTcapwidth=\dimen159
\LT@head=\box29
\LT@firsthead=\box30
\LT@foot=\box31
\LT@lastfoot=\box32
\LT@cols=\count144
\LT@rows=\count145
\c@LT@tables=\count146
\c@LT@chunks=\count147
\LT@p@ftn=\toks26
)
("C:\Documents and Settings\helder.felix\Tex\tex\latex\oberdiek\pdfcolmk.sty"
Package: pdfcolmk 2008/08/11 v1.2 Color support for pdfTeX via marks (HO)
Package pdfcolmk Info: The color stack of pdfTeX >= 1.40 is used. Therefore
(pdfcolmk)             this package is not necessary and not loaded.
)
\drop=\skip190

("C:\Documents and Settings\helder.felix\Tex\tex\latex\hyperref\hyperref.sty"
Package: hyperref 2012/11/06 v6.83m Hypertext links for LaTeX

("C:\Documents and Settings\helder.felix\Tex\tex\generic\oberdiek\hobsub-hyperr
ef.sty"
Package: hobsub-hyperref 2012/04/25 v1.12 Bundle oberdiek, subset hyperref (HO)


("C:\Documents and Settings\helder.felix\Tex\tex\generic\oberdiek\hobsub-generi
c.sty"
Package: hobsub-generic 2012/04/25 v1.12 Bundle oberdiek, subset generic (HO)
Package: hobsub 2012/04/25 v1.12 Construct package bundles (HO)
Package hobsub Info: Skipping package `infwarerr' (already loaded).
Package hobsub Info: Skipping package `ltxcmds' (already loaded).
Package hobsub Info: Skipping package `ifluatex' (already loaded).
Package: ifvtex 2010/03/01 v1.5 Detect VTeX and its facilities (HO)
Package ifvtex Info: VTeX not detected.
Package: intcalc 2007/09/27 v1.1 Expandable calculations with integers (HO)
Package hobsub Info: Skipping package `ifpdf' (already loaded).
Package: etexcmds 2011/02/16 v1.5 Avoid name clashes with e-TeX commands (HO)
Package etexcmds Info: Could not find \expanded.
(etexcmds)             That can mean that you are not using pdfTeX 1.50 or
(etexcmds)             that some package has redefined \expanded.
(etexcmds)             In the latter case, load this package earlier.
Package: kvsetkeys 2012/04/25 v1.16 Key value parser (HO)
Package: kvdefinekeys 2011/04/07 v1.3 Define keys (HO)
Package: pdftexcmds 2011/11/29 v0.20 Utility functions of pdfTeX for LuaTeX (HO
)
Package pdftexcmds Info: LuaTeX not detected.
Package pdftexcmds Info: \pdf@primitive is available.
Package pdftexcmds Info: \pdf@ifprimitive is available.
Package pdftexcmds Info: \pdfdraftmode found.
Package: pdfescape 2011/11/25 v1.13 Implements pdfTeX's escape features (HO)
Package: bigintcalc 2012/04/08 v1.3 Expandable calculations on big integers (HO
)
Package: bitset 2011/01/30 v1.1 Handle bit-vector datatype (HO)
Package: uniquecounter 2011/01/30 v1.2 Provide unlimited unique counter (HO)
)
Package hobsub Info: Skipping package `hobsub' (already loaded).
Package: letltxmacro 2010/09/02 v1.4 Let assignment for LaTeX macros (HO)
Package: hopatch 2011/06/24 v1.1 Wrapper for package hooks (HO)
Package: xcolor-patch 2011/01/30 xcolor patch
Package: atveryend 2011/06/30 v1.8 Hooks at the very end of document (HO)
Package atveryend Info: \enddocument detected (standard20110627).
Package: atbegshi 2011/10/05 v1.16 At begin shipout hook (HO)
Package: refcount 2011/10/16 v3.4 Data extraction from label references (HO)
Package: hycolor 2011/01/30 v1.7 Color options for hyperref/bookmark (HO)
)
("C:\Documents and Settings\helder.felix\Tex\tex\latex\oberdiek\auxhook.sty"
Package: auxhook 2011/03/04 v1.3 Hooks for auxiliary files (HO)
)
("C:\Documents and Settings\helder.felix\Tex\tex\latex\oberdiek\kvoptions.sty"
Package: kvoptions 2011/06/30 v3.11 Key value format for package options (HO)
)
\@linkdim=\dimen160
\Hy@linkcounter=\count148
\Hy@pagecounter=\count149
("C:\Documents and Settings\helder.felix\Tex\tex\latex\hyperref\pd1enc.def"
File: pd1enc.def 2012/11/06 v6.83m Hyperref: PDFDocEncoding definition (HO)
Now handling font encoding PD1 ...
... no UTF-8 mapping file for font encoding PD1
)
\Hy@SavedSpaceFactor=\count150

("C:\Documents and Settings\helder.felix\Tex\tex\latex\00miktex\hyperref.cfg"
File: hyperref.cfg 2002/06/06 v1.2 hyperref configuration of TeXLive
)
Package hyperref Info: Option `breaklinks' set `true' on input line 4319.
Package hyperref Info: Option `colorlinks' set `true' on input line 4319.
Package hyperref Info: Option `bookmarks' set `true' on input line 4319.
Package hyperref Info: Hyper figures OFF on input line 4443.
Package hyperref Info: Link nesting OFF on input line 4448.
Package hyperref Info: Hyper index ON on input line 4451.
Package hyperref Info: Plain pages OFF on input line 4458.
Package hyperref Info: Backreferencing OFF on input line 4463.
Package hyperref Info: Implicit mode ON; LaTeX internals redefined.
Package hyperref Info: Bookmarks ON on input line 4688.
\c@Hy@tempcnt=\count151

("C:\Documents and Settings\helder.felix\Tex\tex\latex\url\url.sty"
\Urlmuskip=\muskip10
Package: url 2013/09/16  ver 3.4  Verb mode for urls, etc.
)
LaTeX Info: Redefining \url on input line 5041.
\XeTeXLinkMargin=\dimen161
\Fld@menulength=\count152
\Field@Width=\dimen162
\Fld@charsize=\dimen163
Package hyperref Info: Hyper figures OFF on input line 6295.
Package hyperref Info: Link nesting OFF on input line 6300.
Package hyperref Info: Hyper index ON on input line 6303.
Package hyperref Info: backreferencing OFF on input line 6310.
Package hyperref Info: Link coloring ON on input line 6313.
Package hyperref Info: Link coloring with OCG OFF on input line 6320.
Package hyperref Info: PDF/A mode OFF on input line 6325.
LaTeX Info: Redefining \ref on input line 6365.
LaTeX Info: Redefining \pageref on input line 6369.
\Hy@abspage=\count153
\c@Item=\count154
\c@Hfootnote=\count155
)
("C:\Documents and Settings\helder.felix\Tex\tex\latex\memoir\memhfixc.sty"
Package: memhfixc 2013/05/30 v1.17 nameref/hyperref package fixes for memoir cl
ass
\c@memhycontfloat=\count156
\c@Hpagenote=\count157
)

Package hyperref Message: Driver (autodetected): hpdftex.

("C:\Documents and Settings\helder.felix\Tex\tex\latex\hyperref\hpdftex.def"
File: hpdftex.def 2012/11/06 v6.83m Hyperref driver for pdfTeX
\Fld@listcount=\count158
\c@bookmark@seq@number=\count159

("C:\Documents and Settings\helder.felix\Tex\tex\latex\oberdiek\rerunfilecheck.
sty"
Package: rerunfilecheck 2011/04/15 v1.7 Rerun checks for auxiliary files (HO)
Package uniquecounter Info: New unique counter `rerunfilecheck' on input line 2
82.
)
\Hy@SectionHShift=\skip191
)
("C:\Documents and Settings\helder.felix\Tex\tex\latex\geometry\geometry.sty"
Package: geometry 2010/09/12 v5.6 Page Geometry
\Gm@cnth=\count160
\Gm@cntv=\count161
\c@Gm@tempcnt=\count162
\Gm@bindingoffset=\dimen164
\Gm@wd@mp=\dimen165
\Gm@odd@mp=\dimen166
\Gm@even@mp=\dimen167
\Gm@layoutwidth=\dimen168
\Gm@layoutheight=\dimen169
\Gm@layouthoffset=\dimen170
\Gm@layoutvoffset=\dimen171
\Gm@dimlist=\toks27

("C:\Documents and Settings\helder.felix\Tex\tex\latex\geometry\geometry.cfg"))

Package geometry Warning: Over-specification in `h'-direction.
    `width' (597.50787pt) is ignored.


Package geometry Warning: Over-specification in `v'-direction.
    `height' (845.04684pt) is ignored.

("C:\Documents and Settings\helder.felix\git\github\cpc-neuro\CPC-NEURO2014.aux
")
LaTeX Font Info:    Checking defaults for OML/cmm/m/it on input line 203.
LaTeX Font Info:    ... okay on input line 203.
LaTeX Font Info:    Checking defaults for T1/cmr/m/n on input line 203.
LaTeX Font Info:    ... okay on input line 203.
LaTeX Font Info:    Checking defaults for OT1/cmr/m/n on input line 203.
LaTeX Font Info:    ... okay on input line 203.
LaTeX Font Info:    Checking defaults for OMS/cmsy/m/n on input line 203.
LaTeX Font Info:    ... okay on input line 203.
LaTeX Font Info:    Checking defaults for OMX/cmex/m/n on input line 203.
LaTeX Font Info:    ... okay on input line 203.
LaTeX Font Info:    Checking defaults for U/cmr/m/n on input line 203.
LaTeX Font Info:    ... okay on input line 203.
LaTeX Font Info:    Checking defaults for PD1/pdf/m/n on input line 203.
LaTeX Font Info:    ... okay on input line 203.
LaTeX Font Info:    Try loading font information for T1+ptm on input line 203.
 ("C:\Documents and Settings\helder.felix\Tex\tex\latex\psnfss\t1ptm.fd"
File: t1ptm.fd 2001/06/04 font definitions for T1/ptm.
)
LaTeX Info: Redefining \microtypecontext on input line 203.
Package microtype Info: Generating PDF output.
Package microtype Info: Character protrusion enabled (level 2).
Package microtype Info: Using default protrusion set `alltext'.
Package microtype Info: Automatic font expansion enabled (level 2),
(microtype)             stretch: 20, shrink: 20, step: 1, non-selected.
Package microtype Info: Using default expansion set `basictext'.
Package microtype Info: No adjustment of tracking.
Package microtype Info: No adjustment of interword spacing.
Package microtype Info: No adjustment of character kerning.

("C:\Documents and Settings\helder.felix\Tex\tex\latex\microtype\mt-ptm.cfg"
File: mt-ptm.cfg 2006/04/20 v1.7 microtype config. file: Times (RS)
)
("C:\Documents and Settings\helder.felix\Tex\tex\context\base\supp-pdf.mkii"
[Loading MPS to PDF converter (version 2006.09.02).]
\scratchcounter=\count163
\scratchdimen=\dimen172
\scratchbox=\box33
\nofMPsegments=\count164
\nofMParguments=\count165
\everyMPshowfont=\toks28
\MPscratchCnt=\count166
\MPscratchDim=\dimen173
\MPnumerator=\count167
\makeMPintoPDFobject=\count168
\everyMPtoPDFconversion=\toks29
)
Package caption Info: Begin \AtBeginDocument code.
Package caption Info: hyperref package is loaded.
Package caption Info: longtable package is loaded.
 ("C:\Documents and Settings\helder.felix\Tex\tex\latex\caption\ltcaption.sty"
Package: ltcaption 2013/06/09 v1.4-94 longtable captions (AR)
)
Package caption Info: End \AtBeginDocument code.
\AtBeginShipoutBox=\box34
Package hyperref Info: Link coloring ON on input line 203.
 ("C:\Documents and Settings\helder.felix\Tex\tex\latex\hyperref\nameref.sty"
Package: nameref 2012/10/27 v2.43 Cross-referencing by name of section

("C:\Documents and Settings\helder.felix\Tex\tex\generic\oberdiek\gettitlestrin
g.sty"
Package: gettitlestring 2010/12/03 v1.4 Cleanup title references (HO)
)
\c@section@level=\count169
)
Redoing nameref's sectioning
Redoing nameref's label
LaTeX Info: Redefining \nameref on input line 203.
LaTeX Info: Redefining \ref on input line 203.
LaTeX Info: Redefining \pageref on input line 203.
LaTeX Info: Redefining \nameref on input line 203.
("C:\Documents and Settings\helder.felix\git\github\cpc-neuro\CPC-NEURO2014.out
")
("C:\Documents and Settings\helder.felix\git\github\cpc-neuro\CPC-NEURO2014.out
")
\@outlinefile=\write4

*geometry* driver: auto-detecting
*geometry* detected driver: pdftex
*geometry* verbose mode - [ preamble ] result:
* driver: pdftex
* paper: a4paper
* layout: <same size as paper>
* layoutoffset:(h,v)=(0.0pt,0.0pt)
* bindingoffset: 28.45274pt
* modes: twoside 
* h-part:(L,W,R)=(56.9055pt, 455.24413pt, 56.9055pt)
* v-part:(T,H,B)=(71.13188pt, 702.78308pt, 71.13188pt)
* \paperwidth=597.50787pt
* \paperheight=845.04684pt
* \textwidth=455.24413pt
* \textheight=702.78308pt
* \oddsidemargin=13.08826pt
* \evensidemargin=-15.36449pt
* \topmargin=-34.61191pt
* \headheight=13.6pt
* \headsep=19.8738pt
* \topskip=11.0pt
* \footskip=27.46295pt
* \marginparwidth=101.0pt
* \marginparsep=7.0pt
* \columnsep=10.0pt
* \skip\footins=12.0pt plus 4.0pt minus 4.0pt
* \hoffset=0.0pt
* \voffset=0.0pt
* \mag=1000
* \@twocolumnfalse
* \@twosidetrue
* \@mparswitchtrue
* \@reversemarginfalse
* (1in=72.27pt=25.4mm, 1cm=28.453pt)

[1

{C:/Documents and Settings/helder.felix/Configura√ß√µes locais/Dados de aplicat
ivos/MiKTeX/2.9/pdftex/config/pdftex.map}] [2

]
Underfull \hbox (badness 10000) in paragraph at lines 273--276

 []


Underfull \hbox (badness 10000) in paragraph at lines 279--280

 []

[3] [4

] [5] [6

]
LaTeX Font Info:    Try loading font information for T1+phv on input line 304.

("C:\Documents and Settings\helder.felix\Tex\tex\latex\psnfss\t1phv.fd"
File: t1phv.fd 2001/06/04 scalable font definitions for T1/phv.
)
Package microtype Info: Loading generic protrusion settings for font family
(microtype)             `phv' (encoding: T1).
(microtype)             For optimal results, create family-specific settings.
(microtype)             See the microtype manual for details.
LaTeX Font Info:    Font shape `T1/phv/bx/n' in size <24.88> not available
(Font)              Font shape `T1/phv/b/n' tried instead on input line 304.
pdfTeX warning (ext4): destination with the same identifier (name{page.5}) has 
been already used, duplicate ignored
<to be read again> 
                   \relax 
l.307 \end{contributors}
                         [5

]
("C:\Documents and Settings\helder.felix\git\github\cpc-neuro\CPC-NEURO2014.toc
"
LaTeX Font Info:    Font shape `T1/ptm/bx/n' in size <10.95> not available
(Font)              Font shape `T1/ptm/b/n' tried instead on input line 2.
 ("C:\Documents and Settings\helder.felix\Tex\tex\latex\microtype\mt-cmr.cfg"
File: mt-cmr.cfg 2013/05/19 v2.2 microtype config. file: Computer Modern Roman 
(RS)
)
LaTeX Font Info:    External font `cmex10' loaded for size
(Font)              <10.95> on input line 2.
LaTeX Font Info:    External font `cmex10' loaded for size
(Font)              <8> on input line 2.
LaTeX Font Info:    External font `cmex10' loaded for size
(Font)              <6> on input line 2.
pdfTeX warning (ext4): destination with the same identifier (name{page.6}) has 
been already used, duplicate ignored
<to be read again> 
                   \relax 
l.27 ...aios CCG-9961 e ACNS0331}{35}{section.B.3}
                                                   [6]
Overfull \hbox (1.63206pt too wide) in paragraph at lines 27--27
 [][] [][][]\T1/ptm/m/n/10.95 (-20) MEDULOBLASTOMA - RISCO PA-DR√O -- Adap-tado
 dos en-saios CCG-9961 e ACNS0331[][] []  
 []

LaTeX Font Info:    Font shape `T1/ptm/bx/it' in size <10.95> not available
(Font)              Font shape `T1/ptm/b/it' tried instead on input line 35.
[7]) [8]
("C:\Documents and Settings\helder.felix\git\github\cpc-neuro\CPC-NEURO2014.lof
")
("C:\Documents and Settings\helder.felix\git\github\cpc-neuro\CPC-NEURO2014.lot
") [9

] [10

]pdfTeX warning (ext4): destination with the same identifier (name{page.1}) has
 been already used, duplicate ignored
<to be read again> 
                   \relax 
l.331 \clearpage
                 [1

]pdfTeX warning (ext4): destination with the same identifier (name{page.2}) has
 been already used, duplicate ignored
<to be read again> 
                   \relax 
l.336 \chapter
              {Introdu√ß√£o} [2


]
LaTeX Font Info:    Font shape `T1/phv/m/it' in size <14.4> not available
(Font)              Font shape `T1/phv/m/sl' tried instead on input line 336.
LaTeX Font Info:    Font shape `T1/ptm/bx/n' in size <14.4> not available
(Font)              Font shape `T1/ptm/b/n' tried instead on input line 387.
LaTeX Font Info:    Font shape `T1/phv/bx/n' in size <14.4> not available
(Font)              Font shape `T1/phv/b/n' tried instead on input line 387.


pdfTeX warning: pdflatex.EXE (file C:/Documents and Settings/helder.felix/git/g
ithub/cpc-neuro/fig/fig1.pdf): PDF inclusion: found PDF version <1.7>, but at m
ost version <1.5> allowed
<fig/fig1.pdf, id=432, 614.295pt x 794.97pt>
File: fig/fig1.pdf Graphic file (type pdf)
 <use fig/fig1.pdf>
Package pdftex.def Info: fig/fig1.pdf used on input line 390.
(pdftex.def)             Requested size: 455.55289pt x 651.44832pt.


pdfTeX warning: pdflatex.EXE (file C:/Documents and Settings/helder.felix/git/g
ithub/cpc-neuro/fig/fig2.pdf): PDF inclusion: found PDF version <1.7>, but at m
ost version <1.5> allowed
<fig/fig2.pdf, id=434, 614.295pt x 794.97pt>
File: fig/fig2.pdf Graphic file (type pdf)
 <use fig/fig2.pdf>
Package pdftex.def Info: fig/fig2.pdf used on input line 395.
(pdftex.def)             Requested size: 454.88483pt x 529.51628pt.
pdfTeX warning (ext4): destination with the same identifier (name{page.3}) has 
been already used, duplicate ignored
<to be read again> 
                   \relax 
l.404 
       [3]pdfTeX warning (ext4): destination with the same identifier (name{pag
e.4}) has been already used, duplicate ignored
<to be read again> 
                   \relax 
l.404 
       [4 <C:/Documents and Settings/helder.felix/git/github/cpc-neuro/fig/fig1
.pdf>]
Underfull \vbox (badness 7944) has occurred while \output is active []

pdfTeX warning (ext4): destination with the same identifier (name{page.5}) has 
been already used, duplicate ignored
<to be read again> 
                   \relax 
l.408 
       [5]pdfTeX warning (ext4): destination with the same identifier (name{pag
e.6}) has been already used, duplicate ignored
<to be read again> 
                   \relax 
l.408 
       [6 <C:/Documents and Settings/helder.felix/git/github/cpc-neuro/fig/fig2
.pdf>]pdfTeX warning (ext4): destination with the same identifier (name{page.7}
) has been already used, duplicate ignored
<to be read again> 
                   \relax 
l.414 \chapter
              {O tratamento de tumores cerebrais em crian√ßas} [7]pdfTeX warnin
g (ext4): destination with the same identifier (name{page.8}) has been already 
used, duplicate ignored
<to be read again> 
                   \relax 
l.414 \chapter
              {O tratamento de tumores cerebrais em crian√ßas} [8

]
LaTeX Font Info:    Font shape `T1/ptm/bx/n' in size <12> not available
(Font)              Font shape `T1/ptm/b/n' tried instead on input line 418.
LaTeX Font Info:    Font shape `T1/phv/bx/n' in size <12> not available
(Font)              Font shape `T1/phv/b/n' tried instead on input line 418.


pdfTeX warning: pdflatex.EXE (file C:/Documents and Settings/helder.felix/git/g
ithub/cpc-neuro/fig/fig3.pdf): PDF inclusion: found PDF version <1.7>, but at m
ost version <1.5> allowed
<fig/fig3.pdf, id=488, 614.295pt x 794.97pt>
File: fig/fig3.pdf Graphic file (type pdf)
 <use fig/fig3.pdf>
Package pdftex.def Info: fig/fig3.pdf used on input line 420.
(pdftex.def)             Requested size: 452.74516pt x 587.65282pt.
pdfTeX warning (ext4): destination with the same identifier (name{page.9}) has 
been already used, duplicate ignored
<to be read again> 
                   \relax 
l.427 
       [9]
Underfull \vbox (badness 4967) has occurred while \output is active []

pdfTeX warning (ext4): destination with the same identifier (name{page.10}) has
 been already used, duplicate ignored
<to be read again> 
                   \relax 
l.429 
       [10 <C:/Documents and Settings/helder.felix/git/github/cpc-neuro/fig/fig
3.pdf>]
Underfull \vbox (badness 10000) has occurred while \output is active []

 [11]
Underfull \vbox (badness 10000) has occurred while \output is active []

 [12]
("C:\Documents and Settings\helder.felix\git\github\cpc-neuro\CPC-NEURO2014.bbl
"
Underfull \vbox (badness 10000) has occurred while \output is active []

 [13]
[14]
bibitemlist
[15

] [16]) [17] [18

] [19]
LaTeX Font Info:    Try loading font information for T1+pcr on input line 471.

("C:\Documents and Settings\helder.felix\Tex\tex\latex\psnfss\t1pcr.fd"
File: t1pcr.fd 2001/06/04 font definitions for T1/pcr.
)
Package microtype Info: Loading generic protrusion settings for font family
(microtype)             `pcr' (encoding: T1).
(microtype)             For optimal results, create family-specific settings.
(microtype)             See the microtype manual for details.

[20] [21


] [22

]
LaTeX Font Info:    External font `cmex10' loaded for size
(Font)              <9> on input line 476.
LaTeX Font Info:    External font `cmex10' loaded for size
(Font)              <5> on input line 476.


Package hyperref Warning: Ignoring empty anchor on input line 476.

LaTeX Font Info:    Font shape `T1/ptm/bx/n' in size <10> not available
(Font)              Font shape `T1/ptm/b/n' tried instead on input line 490.

Underfull \vbox (badness 10000) detected at line 533
 []

[23]
Underfull \vbox (badness 10000) detected at line 583
 []


Underfull \vbox (badness 10000) detected at line 611
 []

[24]
Underfull \vbox (badness 10000) detected at line 639
 []


Underfull \vbox (badness 10000) detected at line 667
 []

[25]
LaTeX Font Info:    External font `cmex10' loaded for size
(Font)              <7> on input line 683.

Underfull \vbox (badness 10000) detected at line 696
 []


Underfull \vbox (badness 10000) detected at line 724
 []


Underfull \vbox (badness 10000) detected at line 752
 []

[26

]
Underfull \vbox (badness 10000) detected at line 780
 []

[27] [28

]pdfTeX warning (ext4): destination with the same identifier (name{Hfootnote.1}
) has been already used, duplicate ignored
<to be read again> 
                   \relax 
l.796 ...\relax\footnotetext{Vers√£o Janeiro/2017}
                                                  }
Underfull \hbox (badness 10000) in paragraph at lines 803--804

 []


Underfull \hbox (badness 10000) in paragraph at lines 805--806

 []


Underfull \vbox (badness 10000) detected at line 843
 []

[29] [30] [31] [32] [33]
Underfull \hbox (badness 10000) in paragraph at lines 1121--1122

 []

[34]pdfTeX warning (ext4): destination with the same identifier (name{Hfootnote
.3}) has been already used, duplicate ignored
<to be read again> 
                   \relax 
l.1125 ...relax\footnotetext{Vers√£o Janeiro/2015}
                                                  }
Underfull \hbox (badness 10000) in paragraph at lines 1132--1133

 []


Underfull \hbox (badness 10000) in paragraph at lines 1134--1135

 []


Underfull \vbox (badness 10000) detected at line 1158
 []

[35

]
Underfull \vbox (badness 10000) detected at line 1179
 []


Underfull \vbox (badness 10000) detected at line 1199
 []


Underfull \vbox (badness 10000) detected at line 1219
 []

[36

]
Underfull \vbox (badness 10000) detected at line 1240
 []


Underfull \vbox (badness 10000) detected at line 1261
 []


Underfull \vbox (badness 10000) detected at line 1277
 []

[37

]
Underfull \vbox (badness 10000) detected at line 1307
 []


Underfull \vbox (badness 10000) detected at line 1327
 []


Underfull \vbox (badness 10000) detected at line 1351
 []

[38

]
Underfull \vbox (badness 10000) detected at line 1372
 []


Underfull \vbox (badness 10000) detected at line 1396
 []


Underfull \vbox (badness 10000) detected at line 1416
 []

[39

]
Underfull \vbox (badness 10000) detected at line 1441
 []


Underfull \vbox (badness 10000) detected at line 1461
 []


Underfull \hbox (badness 10000) in paragraph at lines 1471--1472

 []


Underfull \hbox (badness 10000) in paragraph at lines 1473--1474

 []

[40

]pdfTeX warning (ext4): destination with the same identifier (name{Hfootnote.4}
) has been already used, duplicate ignored
<to be read again> 
                   \relax 
l.1476 ...relax\footnotetext{Vers√£o Janeiro/2015}
                                                  }
Underfull \hbox (badness 10000) in paragraph at lines 1484--1485

 []


Underfull \hbox (badness 10000) in paragraph at lines 1486--1487

 []


Underfull \vbox (badness 10000) detected at line 1513
 []


Underfull \vbox (badness 10000) detected at line 1522
 []


Underfull \vbox (badness 10000) detected at line 1546
 []

[41

]
Underfull \vbox (badness 10000) detected at line 1555
 []


Underfull \vbox (badness 10000) detected at line 1578
 []

[42]
Underfull \vbox (badness 10000) detected at line 1588
 []


Underfull \vbox (badness 10000) detected at line 1610
 []


Underfull \vbox (badness 10000) detected at line 1631
 []

[43

]
Underfull \vbox (badness 10000) detected at line 1654
 []


Underfull \vbox (badness 10000) detected at line 1665
 []


Underfull \vbox (badness 10000) detected at line 1678
 []


Underfull \vbox (badness 10000) detected at line 1695
 []


Underfull \vbox (badness 10000) detected at line 1706
 []


Overfull \vbox (4.2798pt too high) has occurred while \output is active []


[44

]
Underfull \vbox (badness 10000) detected at line 1718
 []


Underfull \vbox (badness 10000) detected at line 1735
 []


Underfull \vbox (badness 10000) detected at line 1746
 []


Underfull \vbox (badness 10000) detected at line 1759
 []


Underfull \vbox (badness 10000) detected at line 1774
 []


Overfull \vbox (6.24188pt too high) has occurred while \output is active []


[45]
Underfull \vbox (badness 10000) detected at line 1785
 []


Underfull \vbox (badness 10000) detected at line 1798
 []


Underfull \vbox (badness 10000) detected at line 1815
 []


Underfull \vbox (badness 10000) detected at line 1826
 []


Underfull \vbox (badness 10000) detected at line 1839
 []


Underfull \vbox (badness 10000) detected at line 1856
 []

[46]
Underfull \vbox (badness 10000) detected at line 1867
 []


Underfull \vbox (badness 10000) detected at line 1880
 []


Underfull \vbox (badness 10000) detected at line 1897
 []


Underfull \vbox (badness 10000) detected at line 1908
 []


Underfull \vbox (badness 10000) detected at line 1921
 []

[47]
Underfull \vbox (badness 10000) detected at line 1938
 []


Underfull \vbox (badness 10000) detected at line 1949
 []


Underfull \vbox (badness 10000) detected at line 1962
 []

LaTeX Font Info:    Font shape `T1/ptm/bx/it' in size <10> not available
(Font)              Font shape `T1/ptm/b/it' tried instead on input line 1963.
[48] [49] [50

]
LaTeX Font Info:    Font shape `T1/phv/bx/it' in size <24.88> not available
(Font)              Font shape `T1/phv/b/it' tried instead on input line 1982.
LaTeX Font Info:    Font shape `T1/phv/b/it' in size <24.88> not available
(Font)              Font shape `T1/phv/b/sl' tried instead on input line 1982.
 [51

] [52

]
LaTeX Font Info:    Font shape `T1/phv/bx/it' in size <14.4> not available
(Font)              Font shape `T1/phv/b/it' tried instead on input line 1986.
LaTeX Font Info:    Font shape `T1/phv/b/it' in size <14.4> not available
(Font)              Font shape `T1/phv/b/sl' tried instead on input line 1986.
pdfTeX warning (ext4): destination with the same identifier (name{Hfootnote.5})
 has been already used, duplicate ignored
<to be read again> 
                   \relax 
l.1987 ...relax\footnotetext{Vers√£o Janeiro/2015}
                                                  }
Underfull \hbox (badness 10000) in paragraph at lines 1994--1995

 []


Underfull \hbox (badness 10000) in paragraph at lines 1996--1997

 []


Underfull \vbox (badness 10000) detected at line 2020
 []

[53]
Underfull \vbox (badness 10000) detected at line 2041
 []


Underfull \vbox (badness 10000) detected at line 2063
 []

[54

]
Underfull \vbox (badness 10000) detected at line 2085
 []


Underfull \vbox (badness 10000) detected at line 2106
 []

[55

]
Underfull \vbox (badness 10000) detected at line 2128
 []


Underfull \vbox (badness 10000) detected at line 2144
 []


Underfull \vbox (badness 10000) detected at line 2169
 []


Underfull \vbox (badness 10000) has occurred while \output is active []

 [56

]
Underfull \vbox (badness 10000) detected at line 2189
 []


Underfull \vbox (badness 10000) detected at line 2209
 []


Underfull \vbox (badness 10000) detected at line 2228
 []


Underfull \vbox (badness 10000) has occurred while \output is active []

 [57]
Underfull \vbox (badness 10000) detected at line 2248
 []


Underfull \vbox (badness 10000) detected at line 2268
 []

[58]pdfTeX warning (ext4): destination with the same identifier (name{Hfootnote
.6}) has been already used, duplicate ignored
<to be read again> 
                   \relax 
l.2282 ...relax\footnotetext{Vers√£o Janeiro/2017}
                                                  }
Underfull \hbox (badness 10000) in paragraph at lines 2289--2290

 []


Underfull \hbox (badness 10000) in paragraph at lines 2291--2292

 []


Underfull \vbox (badness 10000) detected at line 2314
 []

[59

]
Underfull \vbox (badness 10000) detected at line 2339
 []


Underfull \vbox (badness 10000) detected at line 2346
 []


Underfull \vbox (badness 10000) detected at line 2370
 []


Underfull \vbox (badness 10000) detected at line 2377
 []

[60

]
Underfull \vbox (badness 10000) detected at line 2401
 []


Underfull \vbox (badness 10000) detected at line 2408
 []


Underfull \vbox (badness 10000) detected at line 2432
 []


Underfull \vbox (badness 10000) detected at line 2439
 []


Underfull \vbox (badness 7759) has occurred while \output is active []

 [61

]
Underfull \vbox (badness 10000) detected at line 2463
 []


Underfull \vbox (badness 10000) detected at line 2470
 []


Underfull \vbox (badness 10000) detected at line 2494
 []


Underfull \vbox (badness 10000) detected at line 2501
 []


Underfull \vbox (badness 7759) has occurred while \output is active []

 [62

]
Underfull \hbox (badness 10000) in paragraph at lines 2519--2520

 []

[63

] [64

]pdfTeX warning (ext4): destination with the same identifier (name{Hfootnote.7}
) has been already used, duplicate ignored
<to be read again> 
                   \relax 
l.2523 ...relax\footnotetext{Vers√£o Janeiro/2015}
                                                  }
Underfull \hbox (badness 10000) in paragraph at lines 2531--2532

 []


Underfull \hbox (badness 10000) in paragraph at lines 2533--2534

 []


Underfull \vbox (badness 10000) detected at line 2566
 []


Underfull \vbox (badness 10000) detected at line 2579
 []

[65]
Underfull \vbox (badness 10000) detected at line 2606
 []

[66]
Underfull \vbox (badness 10000) detected at line 2630
 []


Underfull \vbox (badness 10000) detected at line 2647
 []


Underfull \vbox (badness 10000) detected at line 2664
 []

[67

]
Underfull \vbox (badness 10000) detected at line 2682
 []


Underfull \vbox (badness 10000) detected at line 2699
 []


Underfull \vbox (badness 10000) detected at line 2716
 []


Underfull \vbox (badness 3364) has occurred while \output is active []

 [68]
Underfull \vbox (badness 10000) detected at line 2734
 []


Underfull \vbox (badness 10000) detected at line 2751
 []

[69]
Underfull \hbox (badness 10000) in paragraph at lines 2778--2779
[]|\T1/ptm/b/n/10 RecomendaÁıes de tra-ta-
 []


Underfull \vbox (badness 10000) detected at line 2792
 []


Underfull \hbox (badness 10000) in paragraph at lines 2797--2798
[]|\T1/ptm/b/n/10 RecomendaÁıes de tra-ta-
 []


Underfull \vbox (badness 10000) detected at line 2813
 []


Underfull \vbox (badness 10000) has occurred while \output is active []

 [70]
[71] [72

] [73

] [74

]pdfTeX warning (ext4): destination with the same identifier (name{Hfootnote.8}
) has been already used, duplicate ignored
<to be read again> 
                   \relax 
l.2827 ...elax\footnotetext{Vers√£o Setembro/2017}
                                                  }
Underfull \hbox (badness 10000) in paragraph at lines 2834--2835

 []


Underfull \hbox (badness 10000) in paragraph at lines 2836--2837

 []


Underfull \vbox (badness 10000) detected at line 2857
 []

[75]
Underfull \vbox (badness 10000) detected at line 2864
 []


Underfull \vbox (badness 10000) detected at line 2886
 []


Underfull \vbox (badness 10000) detected at line 2893
 []


Underfull \vbox (badness 10000) detected at line 2915
 []


Underfull \vbox (badness 10000) detected at line 2922
 []

[76]
Underfull \vbox (badness 10000) detected at line 2944
 []


Underfull \vbox (badness 10000) detected at line 2951
 []


Underfull \vbox (badness 10000) detected at line 2973
 []


Underfull \vbox (badness 10000) detected at line 2980
 []

[77

]
Underfull \vbox (badness 10000) detected at line 3002
 []


Underfull \vbox (badness 10000) detected at line 3009
 []


Underfull \vbox (badness 10000) detected at line 3031
 []


Underfull \vbox (badness 10000) detected at line 3038
 []

[78

]
Underfull \vbox (badness 10000) detected at line 3060
 []


Underfull \vbox (badness 10000) detected at line 3067
 []


Underfull \vbox (badness 10000) detected at line 3089
 []


Underfull \vbox (badness 10000) detected at line 3096
 []

[79

]
Underfull \vbox (badness 10000) detected at line 3118
 []


Underfull \vbox (badness 10000) detected at line 3125
 []

[80

]pdfTeX warning (ext4): destination with the same identifier (name{Hfootnote.8}
) has been already used, duplicate ignored
<to be read again> 
                   \relax 
l.3143 ...relax\footnotetext{Vers√£o Janeiro/2017}
                                                  }
Underfull \hbox (badness 10000) in paragraph at lines 3150--3151

 []


Underfull \hbox (badness 10000) in paragraph at lines 3152--3153

 []


Underfull \vbox (badness 10000) detected at line 3181
 []

[81

]
Underfull \vbox (badness 10000) detected at line 3208
 []


Underfull \vbox (badness 10000) detected at line 3235
 []


Underfull \vbox (badness 10000) has occurred while \output is active []

 [82

]
Underfull \hbox (badness 10000) in paragraph at lines 3245--3246

 []

[83] [84

]pdfTeX warning (ext4): destination with the same identifier (name{Hfootnote.9}
) has been already used, duplicate ignored
<to be read again> 
                   \relax 
l.3249 ...relax\footnotetext{Vers√£o Janeiro/2017}
                                                  }
Underfull \hbox (badness 10000) in paragraph at lines 3256--3257

 []


Underfull \vbox (badness 10000) detected at line 3290
 []

[85]
Underfull \vbox (badness 10000) detected at line 3323
 []


Underfull \vbox (badness 10000) has occurred while \output is active []

 [86]
Underfull \hbox (badness 10000) in paragraph at lines 3337--3338

 []

[87] [88

] [89

] [90

]pdfTeX warning (ext4): destination with the same identifier (name{Hfootnote.10
}) has been already used, duplicate ignored
<to be read again> 
                   \relax 
l.3343 ...elax\footnotetext{Vers√£o Setembro/2017}
                                                  }
Underfull \hbox (badness 10000) in paragraph at lines 3350--3351

 []


Underfull \hbox (badness 10000) in paragraph at lines 3352--3353

 []


Underfull \hbox (badness 10000) in paragraph at lines 3379--3380
[]|[][]
 []


Underfull \vbox (badness 10000) detected at line 3390
 []

[91]
Underfull \vbox (badness 10000) detected at line 3429
 []

[92

]
Underfull \hbox (badness 10000) in paragraph at lines 3432--3433

 []


Underfull \hbox (badness 10000) in paragraph at lines 3434--3435

 []


Underfull \vbox (badness 10000) detected at line 3474
 []

[93

] [94]
Underfull \hbox (badness 10000) in paragraph at lines 3555--3556

 []

[95] [96

] [97

] [98

]pdfTeX warning (ext4): destination with the same identifier (name{Hfootnote.13
}) has been already used, duplicate ignored
<to be read again> 
                   \relax 
l.3561 ...relax\footnotetext{Vers√£o Janeiro/2015}
                                                  }
Underfull \hbox (badness 10000) in paragraph at lines 3568--3569

 []


Underfull \hbox (badness 10000) in paragraph at lines 3570--3571

 []


Underfull \vbox (badness 10000) detected at line 3593
 []

[99]
Underfull \vbox (badness 10000) detected at line 3617
 []


Underfull \vbox (badness 10000) detected at line 3624
 []


Underfull \vbox (badness 10000) detected at line 3647
 []


Underfull \vbox (badness 10000) detected at line 3654
 []

[100

]
Underfull \vbox (badness 10000) detected at line 3676
 []


Underfull \vbox (badness 10000) detected at line 3683
 []


Underfull \vbox (badness 10000) detected at line 3706
 []


Underfull \vbox (badness 10000) detected at line 3713
 []

[101

]
Underfull \vbox (badness 10000) detected at line 3735
 []


Underfull \vbox (badness 10000) detected at line 3742
 []


Underfull \vbox (badness 10000) detected at line 3765
 []


Underfull \vbox (badness 10000) detected at line 3772
 []

[102

]
Underfull \vbox (badness 10000) detected at line 3794
 []


Underfull \vbox (badness 10000) detected at line 3801
 []


Underfull \vbox (badness 10000) detected at line 3824
 []


Underfull \vbox (badness 10000) detected at line 3831
 []

[103

]
Underfull \vbox (badness 10000) detected at line 3853
 []


Underfull \vbox (badness 10000) detected at line 3860
 []


Underfull \vbox (badness 10000) detected at line 3882
 []


Underfull \vbox (badness 10000) detected at line 3889
 []


Underfull \hbox (badness 10000) in paragraph at lines 3903--3904

 []

[104

] [105] [106

]pdfTeX warning (ext4): destination with the same identifier (name{Hfootnote.14
}) has been already used, duplicate ignored
<to be read again> 
                   \relax 
l.3907 ...relax\footnotetext{Vers√£o Janeiro/2017}
                                                  }
Underfull \hbox (badness 10000) in paragraph at lines 3923--3924

 []


Underfull \hbox (badness 10000) in paragraph at lines 3925--3926

 []


Underfull \vbox (badness 10000) detected at line 3947
 []


Overfull \vbox (9.30063pt too high) has occurred while \output is active []


[107]
Underfull \vbox (badness 10000) detected at line 3954
 []


Underfull \vbox (badness 10000) detected at line 3971
 []


Underfull \vbox (badness 10000) detected at line 3978
 []


Underfull \vbox (badness 10000) detected at line 4011
 []


Underfull \vbox (badness 10000) detected at line 4020
 []

[108]
Underfull \vbox (badness 10000) detected at line 4044
 []


Underfull \vbox (badness 10000) detected at line 4053
 []

[109]
Underfull \vbox (badness 10000) detected at line 4077
 []


Underfull \vbox (badness 10000) detected at line 4087
 []


Underfull \vbox (badness 10000) detected at line 4109
 []


Underfull \vbox (badness 10000) has occurred while \output is active []

 [110

]
LaTeX Font Info:    Font shape `T1/ptm/bx/n' in size <7> not available
(Font)              Font shape `T1/ptm/b/n' tried instead on input line 4121.

Underfull \hbox (badness 10000) in paragraph at lines 4125--4126

 []

[111]
\tf@toc=\write5
\tf@lof=\write6
\tf@lot=\write7
Package atveryend Info: Empty hook `BeforeClearDocument' on input line 4127.
Package atveryend Info: Empty hook `AfterLastShipout' on input line 4127.

("C:\Documents and Settings\helder.felix\git\github\cpc-neuro\CPC-NEURO2014.aux
")
Package atveryend Info: Executing hook `AtVeryEndDocument' on input line 4127.
Package atveryend Info: Executing hook `AtEndAfterFileList' on input line 4127.

Package rerunfilecheck Info: File `CPC-NEURO2014.out' has not changed.
(rerunfilecheck)             Checksum: 09AAEBA7B2096A4DC6B54FC5AA31E5AC;6529.
Package atveryend Info: Empty hook `AtVeryVeryEnd' on input line 4127.
 ) 
Here is how much of TeX's memory you used:
 13995 strings out of 493921
 206279 string characters out of 3141180
 389126 words of memory out of 3000000
 16401 multiletter control sequences out of 15000+200000
 119749 words of font info for 296 fonts, out of 3000000 for 9000
 841 hyphenation exceptions out of 8191
 38i,12n,42p,3373b,521s stack positions out of 5000i,500n,10000p,200000b,50000s
{C:/Documents and Settings/helder.felix/Tex/fonts/enc/dvips/fontname/8r.enc}<
C:/Documents and Settings/helder.felix/Tex/fonts/type1/public/amsfonts/cm/cmmi1
0.pfb><C:/Documents and Settings/helder.felix/Tex/fonts/type1/public/amsfonts/c
m/cmmi7.pfb><C:/Documents and Settings/helder.felix/Tex/fonts/type1/public/amsf
onts/cm/cmr10.pfb><C:/Documents and Settings/helder.felix/Tex/fonts/type1/publi
c/amsfonts/cm/cmr5.pfb><C:/Documents and Settings/helder.felix/Tex/fonts/type1/
public/amsfonts/cm/cmr7.pfb><C:/Documents and Settings/helder.felix/Tex/fonts/t
ype1/public/amsfonts/cm/cmr8.pfb><C:/Documents and Settings/helder.felix/Tex/fo
nts/type1/public/amsfonts/cm/cmsy10.pfb><C:/Documents and Settings/helder.felix
/Tex/fonts/type1/public/amsfonts/cm/cmsy7.pfb><C:/Documents and Settings/helder
.felix/Tex/fonts/type1/urw/courier/ucrr8a.pfb><C:/Documents and Settings/helder
.felix/Tex/fonts/type1/urw/helvetic/uhvb8a.pfb><C:/Documents and Settings/helde
r.felix/Tex/fonts/type1/urw/helvetic/uhvbo8a.pfb><C:/Documents and Settings/hel
der.felix/Tex/fonts/type1/urw/helvetic/uhvro8a.pfb><C:/Documents and Settings/h
elder.felix/Tex/fonts/type1/urw/times/utmb8a.pfb><C:/Documents and Settings/hel
der.felix/Tex/fonts/type1/urw/times/utmbi8a.pfb><C:/Documents and Settings/held
er.felix/Tex/fonts/type1/urw/times/utmr8a.pfb><C:/Documents and Settings/helder
.felix/Tex/fonts/type1/urw/times/utmri8a.pfb>
Output written on CPC-NEURO2014.pdf (123 pages, 583003 bytes).
PDF statistics:
 1286 PDF objects out of 1440 (max. 8388607)
 385 named destinations out of 1000 (max. 500000)
 54354 words of extra memory for PDF output out of 61914 (max. 10000000)

