\BOOKMARK [0][-]{section*.2}{Sum\341rio}{}% 1
\BOOKMARK [0][-]{section*.3}{Lista de Figuras}{}% 2
\BOOKMARK [0][-]{section*.4}{Lista de Tabelas}{}% 3
\BOOKMARK [0][-]{chapter.1}{Introdu\347\343o}{}% 4
\BOOKMARK [1][-]{section.1.1}{Tumores cerebrais na inf\342ncia e adolesc\352ncia}{chapter.1}% 5
\BOOKMARK [1][-]{section.1.2}{Qual o objetivo desta obra}{chapter.1}% 6
\BOOKMARK [1][-]{section.1.3}{Como esta obra foi feita}{chapter.1}% 7
\BOOKMARK [2][-]{subsection.1.3.1}{Revis\343o da literatura}{section.1.3}% 8
\BOOKMARK [2][-]{subsection.1.3.2}{Protocolos de tratamento utilizados no HIAS}{section.1.3}% 9
\BOOKMARK [0][-]{chapter.2}{O tratamento de tumores cerebrais em crian\347as}{}% 10
\BOOKMARK [1][-]{section.2.1}{Tumores neuro-epiteliais de baixo grau}{chapter.2}% 11
\BOOKMARK [2][-]{subsection.2.1.1}{Avalia\347\343o cr\355tica de ensaios cl\355nicos}{section.2.1}% 12
\BOOKMARK [2][-]{subsection.2.1.2}{O panorama molecular dos gliomas de baixo grau}{section.2.1}% 13
\BOOKMARK [2][-]{subsection.2.1.3}{Quest\365es importantes ainda por responder}{section.2.1}% 14
\BOOKMARK [2][-]{subsection.2.1.4}{Conclus\365es}{section.2.1}% 15
\BOOKMARK [1][-]{section.2.2}{Tumores embrion\341rios e pineoblastoma}{chapter.2}% 16
\BOOKMARK [0][-]{chapter.3}{Esquemas de tratamento}{}% 17
\BOOKMARK [1][-]{section.3.1}{Introdu\347\343o}{chapter.3}% 18
\BOOKMARK [1][-]{section.3.2}{O que s\343o estes protocolos}{chapter.3}% 19
\BOOKMARK [1][-]{section.3.3}{Como utilizar estes protocolos}{chapter.3}% 20
\BOOKMARK [1][-]{section.3.4}{Declara\347\343o \351tica}{chapter.3}% 21
\BOOKMARK [1][-]{section.3.5}{Formato e contribui\347\365es}{chapter.3}% 22
\BOOKMARK [1][-]{section.3.6}{Uso n\343o padronizado \(off-label\) de medicamentos}{chapter.3}% 23
\BOOKMARK [0][-]{section*.13}{Refer\352ncias Bibliogr\341ficas}{}% 24
