\BOOKMARK [0][-]{section*.2}{Sum\341rio}{}% 1
\BOOKMARK [0][-]{section*.3}{Lista de Figuras}{}% 2
\BOOKMARK [0][-]{section*.4}{Lista de Tabelas}{}% 3
\BOOKMARK [0][-]{chapter.1}{Introdu\347\343o}{}% 4
\BOOKMARK [1][-]{section.1.1}{Tumores cerebrais na inf\342ncia e adolesc\352ncia}{chapter.1}% 5
\BOOKMARK [1][-]{section.1.2}{Por qu\352 criar um comp\352ndio de protocolos de quimioterapia?}{chapter.1}% 6
\BOOKMARK [0][-]{chapter.2}{O tratamento de tumores cerebrais em crian\347as}{}% 7
\BOOKMARK [1][-]{section.2.1}{Gliomas de baixo grau}{chapter.2}% 8
\BOOKMARK [2][-]{subsection.2.1.1}{Avalia\347\343o da literatura}{section.2.1}% 9
\BOOKMARK [0][-]{section*.13}{Refer\352ncias Bibliogr\341ficas}{}% 10
\BOOKMARK [0][-]{appendix.A}{Esquemas de tratamento}{}% 11
\BOOKMARK [0][-]{appendix.B}{Protocolos principais}{}% 12
\BOOKMARK [1][-]{section.B.1}{GLIOMA DE BAIXO GRAU \205 Adaptado do ensaio COG-A9952}{appendix.B}% 13
\BOOKMARK [2][-]{subsection.B.1.1}{Indu\347\343o: 10 semanas}{section.B.1}% 14
\BOOKMARK [2][-]{subsection.B.1.2}{Manuten\347\343o: 48 semanas \(08 blocos de 6 semanas\)}{section.B.1}% 15
\BOOKMARK [2][-]{subsection.B.1.3}{Modifica\347\365es de dose:}{section.B.1}% 16
\BOOKMARK [1][-]{section.B.2}{GLIOMA DE BAIXO GRAU: TRATAMENTO ALTERNATIVO DE PRIMEIRA LINHA, SEGUNDA LINHA NA CONTRA-INDICA\307\303O AO USO DA CARBOPLATINA OU RECORR\312NCIA AP\323S TRATAMENTO}{appendix.B}% 17
\BOOKMARK [2][-]{subsection.B.2.1}{Quimioterapia adjuvante: 52 semanas ou 1 ano}{section.B.2}% 18
\BOOKMARK [2][-]{subsection.B.2.2}{Modifica\347\365es de dose:}{section.B.2}% 19
\BOOKMARK [1][-]{section.B.3}{MEDULOBLASTOMA - RISCO PADR\303O \205 Adaptado dos ensaios CCG-9961 e ACNS0331}{appendix.B}% 20
\BOOKMARK [2][-]{subsection.B.3.1}{Radioquimioterapia: 7 semanas \(43 dias\)}{section.B.3}% 21
\BOOKMARK [2][-]{subsection.B.3.2}{Manuten\347\343o: 04 ciclos A e 04 ciclos B}{section.B.3}% 22
\BOOKMARK [2][-]{subsection.B.3.3}{Modifica\347\365es de dose:}{section.B.3}% 23
\BOOKMARK [1][-]{section.B.4}{TUMORES MALIGNOS DO SNC EM MENORES DE 3 ANOS \205 Adaptado do ensaio CCG 9921}{appendix.B}% 24
\BOOKMARK [2][-]{subsection.B.4.1}{Indu\347\343o: 5 ciclos \(VCEC\)}{section.B.4}% 25
\BOOKMARK [2][-]{subsection.B.4.2}{Manuten\347\343o: 08 ciclos}{section.B.4}% 26
\BOOKMARK [2][-]{subsection.B.4.3}{Modifica\347\365es de dose:}{section.B.4}% 27
\BOOKMARK [0][-]{appendix.C}{Protocolos off-label \(n\343o padronizados\)}{}% 28
\BOOKMARK [1][-]{section.C.1}{GLIOMA DE BAIXO GRAU: RECORR\312NCIA AP\323S M\332LTIPLOS TRATAMENTOS \(protocolo off-label\)}{appendix.C}% 29
\BOOKMARK [2][-]{subsection.C.1.1}{Quimioterapia: 10 ciclos}{section.C.1}% 30
\BOOKMARK [2][-]{subsection.C.1.2}{Modifica\347\365es de dose:}{section.C.1}% 31
\BOOKMARK [1][-]{section.C.2}{PNET - ALTO RISCO \205 Adaptado dos ensaios COG-A99701 e ACNS0332 - protocolo off-label}{appendix.C}% 32
\BOOKMARK [2][-]{subsection.C.2.1}{Radioquimioterapia: 7 semanas \(43 dias\)}{section.C.2}% 33
\BOOKMARK [2][-]{subsection.C.2.2}{Manuten\347\343o: 06 ciclos}{section.C.2}% 34
\BOOKMARK [2][-]{subsection.C.2.3}{Modifica\347\365es de dose:}{section.C.2}% 35
\BOOKMARK [1][-]{section.C.3}{GLIOMA DE ALTO GRAU E DIPG \205 Adaptado do ensaio ACNS0423 - protocolo off-label}{appendix.C}% 36
\BOOKMARK [2][-]{subsection.C.3.1}{Indu\347\343o: 6 semanas \(radioquimioterapia\)}{section.C.3}% 37
\BOOKMARK [2][-]{subsection.C.3.2}{Manuten\347\343o: 06 ciclos}{section.C.3}% 38
\BOOKMARK [2][-]{subsection.C.3.3}{Modifica\347\365es de dose:}{section.C.3}% 39
\BOOKMARK [1][-]{section.C.4}{GLIOMA DE ALTO GRAU E DIPG \205 Adaptado do ensaio HIT-GBM-D - protocolo off-label}{appendix.C}% 40
\BOOKMARK [2][-]{subsection.C.4.1}{Indu\347\343o: 6 semanas \(radioquimioterapia\)}{section.C.4}% 41
\BOOKMARK [2][-]{subsection.C.4.2}{Manuten\347\343o: 08 ciclos}{section.C.4}% 42
\BOOKMARK [2][-]{subsection.C.4.3}{Modifica\347\365es de dose:}{section.C.4}% 43
\BOOKMARK [1][-]{section.C.5}{EPENDIMOMA N\303O METAST\301TICO \205 Adaptado dos ensaios ACNS0121 e ACNS0831 - protocolo off-label}{appendix.C}% 44
\BOOKMARK [2][-]{subsection.C.5.1}{Indu\347\343o: 2 ciclos \(pr\351-radioterapia\)}{section.C.5}% 45
\BOOKMARK [2][-]{subsection.C.5.2}{Manuten\347\343o: 04 ciclos \(VCEC\)}{section.C.5}% 46
\BOOKMARK [2][-]{subsection.C.5.3}{Modifica\347\365es de dose:}{section.C.5}% 47
\BOOKMARK [0][-]{appendix.D}{Quimioterapia de resgate \(doen\347a recorrente/progressiva\)}{}% 48
\BOOKMARK [1][-]{section.D.1}{IFOSFAMIDA/ETOPOSIDO - protocolo off-label}{appendix.D}% 49
\BOOKMARK [2][-]{subsection.D.1.1}{Resgate: 03 ciclos - repetir enquanto n\343o houver progress\343o}{section.D.1}% 50
\BOOKMARK [2][-]{subsection.D.1.2}{Modifica\347\365es de dose:}{section.D.1}% 51
\BOOKMARK [1][-]{section.D.2}{IFOSFAMIDA, CARBOPLATINA E ETOPOSIDO \(ICE\) - protocolo off-label}{appendix.D}% 52
\BOOKMARK [2][-]{subsection.D.2.1}{Resgate: 02 ciclos - repetir enquanto n\343o houver progress\343o}{section.D.2}% 53
\BOOKMARK [2][-]{subsection.D.2.2}{Modifica\347\365es de dose:}{section.D.2}% 54
\BOOKMARK [0][-]{appendix.E}{Protocolos depreciados \(substitu\355dos por atualiza\347\365es\)}{}% 55
\BOOKMARK [1][-]{section.E.1}{GLIOMA DE ALTO GRAU E DIPG \205 Adaptado do ensaio ACNS0126 - protocolo off-label}{appendix.E}% 56
\BOOKMARK [2][-]{subsection.E.1.1}{Indu\347\343o: 6 semanas \(radioquimioterapia\)}{section.E.1}% 57
\BOOKMARK [2][-]{subsection.E.1.2}{Manuten\347\343o: 10 ciclos}{section.E.1}% 58
\BOOKMARK [2][-]{subsection.E.1.3}{Modifica\347\365es de dose:}{section.E.1}% 59
