This is pdfTeX, Version 3.14159265-2.6-1.40.15 (TeX Live 2014) (preloaded format=pdflatex 2014.10.14)  6 MAR 2015 20:16
entering extended mode
 restricted \write18 enabled.
 %&-line parsing enabled.
**CPC-NEURO2014_0.2.tex
(./CPC-NEURO2014_0.2.tex
LaTeX2e <2014/05/01>
Babel <3.9k> and hyphenation patterns for 78 languages loaded.
(/usr/local/texlive/2014/texmf-dist/tex/latex/memoir/memoir.cls
Document Class: memoir 2013/05/30 v3.7b configurable book, report, article docu
ment class
\onelineskip=\skip41
\lxvchars=\skip42
\xlvchars=\skip43
\@memcnta=\count79
\c@@memmarkcntra=\count80
(/usr/local/texlive/2014/texmf-dist/tex/generic/oberdiek/ifpdf.sty
Package: ifpdf 2011/01/30 v2.3 Provides the ifpdf switch (HO)
Package ifpdf Info: pdfTeX in PDF mode is detected.
)
(/usr/local/texlive/2014/texmf-dist/tex/latex/ifetex/ifetex.sty
Package: ifetex 2011/12/15 v1.2 ifetex

(/usr/local/texlive/2014/texmf-dist/tex/plain/ifetex/ifetex.tex))
(/usr/local/texlive/2014/texmf-dist/tex/generic/ifxetex/ifxetex.sty
Package: ifxetex 2010/09/12 v0.6 Provides ifxetex conditional
)
(/usr/local/texlive/2014/texmf-dist/tex/generic/oberdiek/ifluatex.sty
Package: ifluatex 2010/03/01 v1.3 Provides the ifluatex switch (HO)
Package ifluatex Info: LuaTeX not detected.
)
\stockheight=\skip44
\stockwidth=\skip45
\trimtop=\skip46
\trimedge=\skip47

(/usr/local/texlive/2014/texmf-dist/tex/latex/etex-pkg/etex.sty
Package: etex 1998/03/26 v2.0 eTeX basic definition package (PEB)
\et@xins=\count81
)
(/usr/local/texlive/2014/texmf-dist/tex/latex/memoir/mem11.clo
File: mem11.clo 2008/01/30 v0.3 memoir class 11pt size option
)
\binding=\skip48
\spinemargin=\skip49
\foremargin=\skip50
\uppermargin=\skip51
\lowermargin=\skip52
\headdrop=\skip53
\normalrulethickness=\skip54
\mem@maxheadheight=\skip55
\mem@maxfootheight=\skip56
\headwidth=\skip57
\c@storedpagenumber=\count82
\memPD=\dimen102
\m@mabparskip=\skip58
\thanksmarkwidth=\skip59
\thanksmarksep=\skip60
\droptitle=\skip61
\c@book=\count83
\c@part=\count84
\c@chapter=\count85
\c@section=\count86
\c@subsection=\count87
\c@subsubsection=\count88
\c@paragraph=\count89
\c@subparagraph=\count90
\beforechapskip=\skip62
\midchapskip=\skip63
\afterchapskip=\skip64
\chapindent=\skip65
\bottomsectionskip=\skip66
\secindent=\skip67
\beforesecskip=\skip68
\aftersecskip=\skip69
\subsecindent=\skip70
\beforesubsecskip=\skip71
\aftersubsecskip=\skip72
\subsubsecindent=\skip73
\beforesubsubsecskip=\skip74
\aftersubsubsecskip=\skip75
\paraindent=\skip76
\beforeparaskip=\skip77
\afterparaskip=\skip78
\subparaindent=\skip79
\beforesubparaskip=\skip80
\aftersubparaskip=\skip81
\pfbreakskip=\skip82
\c@@ppsavesec=\count91
\c@@ppsaveapp=\count92
\ragrparindent=\dimen103
\everylistparindent=\dimen104
\parsepi=\skip83
\topsepi=\skip84
\itemsepi=\skip85
\parsepii=\skip86
\topsepii=\skip87
\topsepiii=\skip88
\itemsepii=\skip89
\itemsepiii=\skip90
\partopsepii=\skip91
\partopsepiii=\skip92
\m@msavetopsep=\skip93
\m@msavepartopsep=\skip94
\@enLab=\toks14
\abstitleskip=\skip95
\absleftindent=\skip96
\abs@leftindent=\dimen105
\absrightindent=\skip97
\absparindent=\skip98
\absparsep=\skip99
\c@vslineno=\count93
\c@poemline=\count94
\c@modulo@vs=\count95
\c@memfvsline=\count96
\vleftskip=\skip100
\vrightskip=\skip101
\stanzaskip=\skip102
\versewidth=\skip103
\vgap=\skip104
\vindent=\skip105
\vleftmargin=\dimen106
\c@verse=\count97
\c@chrsinstr=\count98
\beforepoemtitleskip=\skip106
\afterpoemtitleskip=\skip107
\c@poem=\count99
\beforePoemTitleskip=\skip108
\midPoemTitleskip=\skip109
\afterPoemTitleskip=\skip110
\col@sep=\dimen107
\extrarowheight=\dimen108
\NC@list=\toks15
\extratabsurround=\skip111
\backup@length=\skip112
\TX@col@width=\dimen109
\TX@old@table=\dimen110
\TX@old@col=\dimen111
\TX@target=\dimen112
\TX@delta=\dimen113
\TX@cols=\count100
\TX@ftn=\toks16
\heavyrulewidth=\dimen114
\lightrulewidth=\dimen115
\cmidrulewidth=\dimen116
\belowrulesep=\dimen117
\belowbottomsep=\dimen118
\aboverulesep=\dimen119
\abovetopsep=\dimen120
\cmidrulesep=\dimen121
\cmidrulekern=\dimen122
\defaultaddspace=\dimen123
\@cmidla=\count101
\@cmidlb=\count102
\@aboverulesep=\dimen124
\@belowrulesep=\dimen125
\@thisruleclass=\count103
\@lastruleclass=\count104
\@thisrulewidth=\dimen126
\ctableftskip=\skip113
\ctabrightskip=\skip114
\abovecolumnspenalty=\count105
\@linestogo=\count106
\@cellstogo=\count107
\@cellsincolumn=\count108
\crtok=\toks17
\@mincolumnwidth=\dimen127
\c@newflo@tctr=\count109
\mem@margin@floatbox=\box26
\@contcwidth=\skip115
\@contindw=\skip116
\abovecaptionskip=\skip117
\belowcaptionskip=\skip118
\subfloattopskip=\skip119
\subfloatcapskip=\skip120
\subfloatcaptopadj=\skip121
\subfloatbottomskip=\skip122
\subfloatlabelskip=\skip123
\subfloatcapmargin=\dimen128
\c@@contsubnum=\count110
\m@mscap@capbox=\box27
\m@mscap@fbox=\box28
\sidecapsep=\dimen129
\sidecapwidth=\dimen130
\m@m@tempdima=\dimen131
\m@mscapraise=\dimen132
\sidecapraise=\dimen133
\m@mscapmainwidth=\dimen134
\m@mscaplkern=\dimen135
\beforeepigraphskip=\skip124
\afterepigraphskip=\skip125
\epigraphwidth=\skip126
\epigraphrule=\skip127
LaTeX Info: Redefining \em on input line 7492.
LaTeX Info: Redefining \emph on input line 7500.
\tocentryskip=\skip128
\tocbaseline=\skip129
\cftparskip=\skip130
\cftbeforebookskip=\skip131
\cftbookindent=\dimen136
\cftbooknumwidth=\dimen137
\cftbeforepartskip=\skip132
\cftpartindent=\skip133
\cftpartnumwidth=\skip134
\cftbeforechapterskip=\skip135
\cftchapterindent=\skip136
\cftchapternumwidth=\skip137
\cftbeforesectionskip=\skip138
\cftsectionindent=\skip139
\cftsectionnumwidth=\skip140
\cftbeforesubsectionskip=\skip141
\cftsubsectionindent=\skip142
\cftsubsectionnumwidth=\skip143
\cftbeforesubsubsectionskip=\skip144
\cftsubsubsectionindent=\skip145
\cftsubsubsectionnumwidth=\skip146
\cftbeforeparagraphskip=\skip147
\cftparagraphindent=\skip148
\cftparagraphnumwidth=\skip149
\cftbeforesubparagraphskip=\skip150
\cftsubparagraphindent=\skip151
\cftsubparagraphnumwidth=\skip152
\prechapterprecisshift=\dimen138
\c@maxsecnumdepth=\count111
\bibindent=\dimen139
\bibitemsep=\skip153
\indexcolsep=\skip154
\indexrule=\skip155
\indexmarkstyle=\toks18
\@indexbox=\insert233
\glossarycolsep=\dimen140
\glossaryrule=\dimen141
\sideparvshift=\skip156
\sideins=\insert232
\sidebartopsep=\skip157
\sidebarhsep=\skip158
\sidebarvsep=\skip159
\sidebarwidth=\skip160
\footmarkwidth=\skip161
\footmarksep=\skip162
\footparindent=\skip163
\footinsdim=\skip164
\footinsv@r=\insert231
\@mpfootinsv@r=\insert230
\m@m@k=\count112
\m@m@h=\dimen142
\m@mipn@skip=\skip165
\sidefootins=\insert229
\sidefootadjust=\skip166
\sidefootheight=\skip167
\sidefoothsep=\skip168
\sidefootvsep=\skip169
\sidefootwidth=\skip170
\m@mdownsf=\skip171
\c@sidefootnote=\count113
\sidefootmarkwidth=\skip172
\sidefootmarksep=\skip173
\sidefootparindent=\skip174
\c@pagenote=\count114
\c@pagenoteshadow=\count115
\mem@pn@lastkern=\skip175
\every@verbatim=\toks19
\afterevery@verbatim=\toks20
\verbatim@line=\toks21
\tab@position=\count116
\verbatim@in@stream=\read1
\verbatimindent=\skip176
\verbatim@out=\write3
\bvboxsep=\skip177
\c@memfbvline=\count117
\c@bvlinectr=\count118
\bvnumlength=\skip178
\fb@frw=\dimen143
\fb@frh=\dimen144
\FrameRule=\dimen145
\FrameSep=\dimen146
\c@cp@cntr=\count119
LaTeX Info: Redefining \: on input line 11958.
LaTeX Info: Redefining \! on input line 11960.
\c@ism@mctr=\count120
\c@xsm@mctr=\count121
\c@csm@mctr=\count122
\c@ksm@mctr=\count123
\c@xksm@mctr=\count124
\c@cksm@mctr=\count125
\c@msm@mctr=\count126
\c@xmsm@mctr=\count127
\c@cmsm@mctr=\count128
\c@bsm@mctr=\count129
\c@workm@mctr=\count130
\c@sheetsequence=\count131
\c@lastsheet=\count132
\c@lastpage=\count133
\c@figure=\count134
\c@lofdepth=\count135
\cftbeforefigureskip=\skip179
\cftfigureindent=\skip180
\cftfigurenumwidth=\skip181
\c@table=\count136
\c@lotdepth=\count137
\cftbeforetableskip=\skip182
\cfttableindent=\skip183
\cfttablenumwidth=\skip184
Package abstract [2008/07/23] emulated by memoir.
Package appendix [2008/07/23] emulated by memoir.
Package array [2008/09/09] emulated by memoir.
Package booktabs [2008/07/23] emulated by memoir.
Package ccaption [2008/07/23] emulated by memoir.
Package changepage [2008/07/23] emulated by memoir.
Package chngcntr [2008/07/23] emulated by memoir.
Package chngpage [2008/07/23] emulated by memoir.
Package crop emulated by memoir.
Package dcolumn [2008/07/23] emulated by memoir.
Package delarray [2008/07/23] emulated by memoir.
Package enumerate [2008/07/23] emulated by memoir.
Package epigraph [2008/07/23] emulated by memoir.
Package ifmtarg [2008/07/23] emulated by memoir.
Package index [2008/07/23] emulated by memoir.
Package makeidx [2008/07/23] emulated by memoir.
Package moreverb [2008/07/23] emulated by memoir.
Package mparhack [2008/07/23] emulated by memoir.
Package needspace [2008/07/23] emulated by memoir.
Package newfile [2008/07/23] emulated by memoir.
Package nextpage [2008/07/23] emulated by memoir.
Package pagenote [2008/07/23] emulated by memoir.
Package parskip [2008/07/23] emulated by memoir.
Package patchcmd [2008/07/23] emulated by memoir.
Package setspace [2008/07/23] emulated by memoir.
Package shortvrb [2008/07/23] emulated by memoir.
Package showidx [2008/07/23] emulated by memoir.
Package tabularx [2008/07/23] emulated by memoir.
Package titleref [2008/07/23] emulated by memoir.
Package titling [2008/07/23] emulated by memoir.
Package tocbibind [2008/07/23] emulated by memoir.
Package tocloft [2008/07/23] emulated by memoir.
Package tocvsec2 [2008/07/23] emulated by memoir.
Package verbatim [2008/07/23] emulated by memoir.
Package verse [2008/07/23] emulated by memoir.

(/usr/local/texlive/2014/texmf-dist/tex/latex/memoir/mempatch.sty
Package: mempatch 2009/07/24 v6.0f Patches for memoir class v1.6180339
))
(/usr/local/texlive/2014/texmf-dist/tex/latex/base/inputenc.sty
Package: inputenc 2014/04/30 v1.2b Input encoding file
\inpenc@prehook=\toks22
\inpenc@posthook=\toks23

(/usr/local/texlive/2014/texmf-dist/tex/latex/base/utf8.def
File: utf8.def 2008/04/05 v1.1m UTF-8 support for inputenc
Now handling font encoding OML ...
... no UTF-8 mapping file for font encoding OML
Now handling font encoding T1 ...
... processing UTF-8 mapping file for font encoding T1

(/usr/local/texlive/2014/texmf-dist/tex/latex/base/t1enc.dfu
File: t1enc.dfu 2008/04/05 v1.1m UTF-8 support for inputenc
   defining Unicode char U+00A1 (decimal 161)
   defining Unicode char U+00A3 (decimal 163)
   defining Unicode char U+00AB (decimal 171)
   defining Unicode char U+00BB (decimal 187)
   defining Unicode char U+00BF (decimal 191)
   defining Unicode char U+00C0 (decimal 192)
   defining Unicode char U+00C1 (decimal 193)
   defining Unicode char U+00C2 (decimal 194)
   defining Unicode char U+00C3 (decimal 195)
   defining Unicode char U+00C4 (decimal 196)
   defining Unicode char U+00C5 (decimal 197)
   defining Unicode char U+00C6 (decimal 198)
   defining Unicode char U+00C7 (decimal 199)
   defining Unicode char U+00C8 (decimal 200)
   defining Unicode char U+00C9 (decimal 201)
   defining Unicode char U+00CA (decimal 202)
   defining Unicode char U+00CB (decimal 203)
   defining Unicode char U+00CC (decimal 204)
   defining Unicode char U+00CD (decimal 205)
   defining Unicode char U+00CE (decimal 206)
   defining Unicode char U+00CF (decimal 207)
   defining Unicode char U+00D0 (decimal 208)
   defining Unicode char U+00D1 (decimal 209)
   defining Unicode char U+00D2 (decimal 210)
   defining Unicode char U+00D3 (decimal 211)
   defining Unicode char U+00D4 (decimal 212)
   defining Unicode char U+00D5 (decimal 213)
   defining Unicode char U+00D6 (decimal 214)
   defining Unicode char U+00D8 (decimal 216)
   defining Unicode char U+00D9 (decimal 217)
   defining Unicode char U+00DA (decimal 218)
   defining Unicode char U+00DB (decimal 219)
   defining Unicode char U+00DC (decimal 220)
   defining Unicode char U+00DD (decimal 221)
   defining Unicode char U+00DE (decimal 222)
   defining Unicode char U+00DF (decimal 223)
   defining Unicode char U+00E0 (decimal 224)
   defining Unicode char U+00E1 (decimal 225)
   defining Unicode char U+00E2 (decimal 226)
   defining Unicode char U+00E3 (decimal 227)
   defining Unicode char U+00E4 (decimal 228)
   defining Unicode char U+00E5 (decimal 229)
   defining Unicode char U+00E6 (decimal 230)
   defining Unicode char U+00E7 (decimal 231)
   defining Unicode char U+00E8 (decimal 232)
   defining Unicode char U+00E9 (decimal 233)
   defining Unicode char U+00EA (decimal 234)
   defining Unicode char U+00EB (decimal 235)
   defining Unicode char U+00EC (decimal 236)
   defining Unicode char U+00ED (decimal 237)
   defining Unicode char U+00EE (decimal 238)
   defining Unicode char U+00EF (decimal 239)
   defining Unicode char U+00F0 (decimal 240)
   defining Unicode char U+00F1 (decimal 241)
   defining Unicode char U+00F2 (decimal 242)
   defining Unicode char U+00F3 (decimal 243)
   defining Unicode char U+00F4 (decimal 244)
   defining Unicode char U+00F5 (decimal 245)
   defining Unicode char U+00F6 (decimal 246)
   defining Unicode char U+00F8 (decimal 248)
   defining Unicode char U+00F9 (decimal 249)
   defining Unicode char U+00FA (decimal 250)
   defining Unicode char U+00FB (decimal 251)
   defining Unicode char U+00FC (decimal 252)
   defining Unicode char U+00FD (decimal 253)
   defining Unicode char U+00FE (decimal 254)
   defining Unicode char U+00FF (decimal 255)
   defining Unicode char U+0102 (decimal 258)
   defining Unicode char U+0103 (decimal 259)
   defining Unicode char U+0104 (decimal 260)
   defining Unicode char U+0105 (decimal 261)
   defining Unicode char U+0106 (decimal 262)
   defining Unicode char U+0107 (decimal 263)
   defining Unicode char U+010C (decimal 268)
   defining Unicode char U+010D (decimal 269)
   defining Unicode char U+010E (decimal 270)
   defining Unicode char U+010F (decimal 271)
   defining Unicode char U+0110 (decimal 272)
   defining Unicode char U+0111 (decimal 273)
   defining Unicode char U+0118 (decimal 280)
   defining Unicode char U+0119 (decimal 281)
   defining Unicode char U+011A (decimal 282)
   defining Unicode char U+011B (decimal 283)
   defining Unicode char U+011E (decimal 286)
   defining Unicode char U+011F (decimal 287)
   defining Unicode char U+0130 (decimal 304)
   defining Unicode char U+0131 (decimal 305)
   defining Unicode char U+0132 (decimal 306)
   defining Unicode char U+0133 (decimal 307)
   defining Unicode char U+0139 (decimal 313)
   defining Unicode char U+013A (decimal 314)
   defining Unicode char U+013D (decimal 317)
   defining Unicode char U+013E (decimal 318)
   defining Unicode char U+0141 (decimal 321)
   defining Unicode char U+0142 (decimal 322)
   defining Unicode char U+0143 (decimal 323)
   defining Unicode char U+0144 (decimal 324)
   defining Unicode char U+0147 (decimal 327)
   defining Unicode char U+0148 (decimal 328)
   defining Unicode char U+014A (decimal 330)
   defining Unicode char U+014B (decimal 331)
   defining Unicode char U+0150 (decimal 336)
   defining Unicode char U+0151 (decimal 337)
   defining Unicode char U+0152 (decimal 338)
   defining Unicode char U+0153 (decimal 339)
   defining Unicode char U+0154 (decimal 340)
   defining Unicode char U+0155 (decimal 341)
   defining Unicode char U+0158 (decimal 344)
   defining Unicode char U+0159 (decimal 345)
   defining Unicode char U+015A (decimal 346)
   defining Unicode char U+015B (decimal 347)
   defining Unicode char U+015E (decimal 350)
   defining Unicode char U+015F (decimal 351)
   defining Unicode char U+0160 (decimal 352)
   defining Unicode char U+0161 (decimal 353)
   defining Unicode char U+0162 (decimal 354)
   defining Unicode char U+0163 (decimal 355)
   defining Unicode char U+0164 (decimal 356)
   defining Unicode char U+0165 (decimal 357)
   defining Unicode char U+016E (decimal 366)
   defining Unicode char U+016F (decimal 367)
   defining Unicode char U+0170 (decimal 368)
   defining Unicode char U+0171 (decimal 369)
   defining Unicode char U+0178 (decimal 376)
   defining Unicode char U+0179 (decimal 377)
   defining Unicode char U+017A (decimal 378)
   defining Unicode char U+017B (decimal 379)
   defining Unicode char U+017C (decimal 380)
   defining Unicode char U+017D (decimal 381)
   defining Unicode char U+017E (decimal 382)
   defining Unicode char U+200C (decimal 8204)
   defining Unicode char U+2013 (decimal 8211)
   defining Unicode char U+2014 (decimal 8212)
   defining Unicode char U+2018 (decimal 8216)
   defining Unicode char U+2019 (decimal 8217)
   defining Unicode char U+201A (decimal 8218)
   defining Unicode char U+201C (decimal 8220)
   defining Unicode char U+201D (decimal 8221)
   defining Unicode char U+201E (decimal 8222)
   defining Unicode char U+2030 (decimal 8240)
   defining Unicode char U+2031 (decimal 8241)
   defining Unicode char U+2039 (decimal 8249)
   defining Unicode char U+203A (decimal 8250)
   defining Unicode char U+2423 (decimal 9251)
)
Now handling font encoding OT1 ...
... processing UTF-8 mapping file for font encoding OT1

(/usr/local/texlive/2014/texmf-dist/tex/latex/base/ot1enc.dfu
File: ot1enc.dfu 2008/04/05 v1.1m UTF-8 support for inputenc
   defining Unicode char U+00A1 (decimal 161)
   defining Unicode char U+00A3 (decimal 163)
   defining Unicode char U+00B8 (decimal 184)
   defining Unicode char U+00BF (decimal 191)
   defining Unicode char U+00C5 (decimal 197)
   defining Unicode char U+00C6 (decimal 198)
   defining Unicode char U+00D8 (decimal 216)
   defining Unicode char U+00DF (decimal 223)
   defining Unicode char U+00E6 (decimal 230)
   defining Unicode char U+00EC (decimal 236)
   defining Unicode char U+00ED (decimal 237)
   defining Unicode char U+00EE (decimal 238)
   defining Unicode char U+00EF (decimal 239)
   defining Unicode char U+00F8 (decimal 248)
   defining Unicode char U+0131 (decimal 305)
   defining Unicode char U+0141 (decimal 321)
   defining Unicode char U+0142 (decimal 322)
   defining Unicode char U+0152 (decimal 338)
   defining Unicode char U+0153 (decimal 339)
   defining Unicode char U+2013 (decimal 8211)
   defining Unicode char U+2014 (decimal 8212)
   defining Unicode char U+2018 (decimal 8216)
   defining Unicode char U+2019 (decimal 8217)
   defining Unicode char U+201C (decimal 8220)
   defining Unicode char U+201D (decimal 8221)
)
Now handling font encoding OMS ...
... processing UTF-8 mapping file for font encoding OMS

(/usr/local/texlive/2014/texmf-dist/tex/latex/base/omsenc.dfu
File: omsenc.dfu 2008/04/05 v1.1m UTF-8 support for inputenc
   defining Unicode char U+00A7 (decimal 167)
   defining Unicode char U+00B6 (decimal 182)
   defining Unicode char U+00B7 (decimal 183)
   defining Unicode char U+2020 (decimal 8224)
   defining Unicode char U+2021 (decimal 8225)
   defining Unicode char U+2022 (decimal 8226)
)
Now handling font encoding OMX ...
... no UTF-8 mapping file for font encoding OMX
Now handling font encoding U ...
... no UTF-8 mapping file for font encoding U
   defining Unicode char U+00A9 (decimal 169)
   defining Unicode char U+00AA (decimal 170)
   defining Unicode char U+00AE (decimal 174)
   defining Unicode char U+00BA (decimal 186)
   defining Unicode char U+02C6 (decimal 710)
   defining Unicode char U+02DC (decimal 732)
   defining Unicode char U+200C (decimal 8204)
   defining Unicode char U+2026 (decimal 8230)
   defining Unicode char U+2122 (decimal 8482)
   defining Unicode char U+2423 (decimal 9251)
))
(/usr/local/texlive/2014/texmf-dist/tex/latex/base/fontenc.sty
Package: fontenc 2005/09/27 v1.99g Standard LaTeX package

(/usr/local/texlive/2014/texmf-dist/tex/latex/base/t1enc.def
File: t1enc.def 2005/09/27 v1.99g Standard LaTeX file
LaTeX Font Info:    Redeclaring font encoding T1 on input line 43.
))
(/usr/local/texlive/2014/texmf-dist/tex/latex/microtype/microtype.sty
Package: microtype 2013/05/23 v2.5a Micro-typographical refinements (RS)

(/usr/local/texlive/2014/texmf-dist/tex/latex/graphics/keyval.sty
Package: keyval 2014/05/08 v1.15 key=value parser (DPC)
\KV@toks@=\toks24
)
\MT@toks=\toks25
\MT@count=\count138
LaTeX Info: Redefining \textls on input line 766.
\MT@outer@kern=\dimen147
LaTeX Info: Redefining \textmicrotypecontext on input line 1285.
\MT@listname@count=\count139

(/usr/local/texlive/2014/texmf-dist/tex/latex/microtype/microtype-pdftex.def
File: microtype-pdftex.def 2013/05/23 v2.5a Definitions specific to pdftex (RS)

LaTeX Info: Redefining \lsstyle on input line 915.
LaTeX Info: Redefining \lslig on input line 915.
\MT@outer@space=\skip185
)
Package microtype Info: Loading configuration file microtype.cfg.

(/usr/local/texlive/2014/texmf-dist/tex/latex/microtype/microtype.cfg
File: microtype.cfg 2013/05/23 v2.5a microtype main configuration file (RS)
))
(/usr/local/texlive/2014/texmf-dist/tex/latex/graphics/graphicx.sty
Package: graphicx 2014/04/25 v1.0g Enhanced LaTeX Graphics (DPC,SPQR)

(/usr/local/texlive/2014/texmf-dist/tex/latex/graphics/graphics.sty
Package: graphics 2009/02/05 v1.0o Standard LaTeX Graphics (DPC,SPQR)

(/usr/local/texlive/2014/texmf-dist/tex/latex/graphics/trig.sty
Package: trig 1999/03/16 v1.09 sin cos tan (DPC)
)
(/usr/local/texlive/2014/texmf-dist/tex/latex/latexconfig/graphics.cfg
File: graphics.cfg 2010/04/23 v1.9 graphics configuration of TeX Live
)
Package graphics Info: Driver file: dvips.def on input line 91.

(/usr/local/texlive/2014/texmf-dist/tex/latex/graphics/dvips.def
File: dvips.def 2014/04/23 v3.0j Driver-dependant file (DPC,SPQR)
))
\Gin@req@height=\dimen148
\Gin@req@width=\dimen149
)
(/usr/local/texlive/2014/texmf-dist/tex/latex/xcolor/xcolor.sty
Package: xcolor 2007/01/21 v2.11 LaTeX color extensions (UK)

(/usr/local/texlive/2014/texmf-dist/tex/latex/latexconfig/color.cfg
File: color.cfg 2007/01/18 v1.5 color configuration of teTeX/TeXLive
)
Package xcolor Info: Driver file: pdftex.def on input line 225.

(/usr/local/texlive/2014/texmf-dist/tex/latex/pdftex-def/pdftex.def
File: pdftex.def 2011/05/27 v0.06d Graphics/color for pdfTeX

(/usr/local/texlive/2014/texmf-dist/tex/generic/oberdiek/infwarerr.sty
Package: infwarerr 2010/04/08 v1.3 Providing info/warning/error messages (HO)
)
(/usr/local/texlive/2014/texmf-dist/tex/generic/oberdiek/ltxcmds.sty
Package: ltxcmds 2011/11/09 v1.22 LaTeX kernel commands for general use (HO)
)
\Gread@gobject=\count140
)
Package xcolor Info: Model `cmy' substituted by `cmy0' on input line 1337.
Package xcolor Info: Model `RGB' extended on input line 1353.
Package xcolor Info: Model `HTML' substituted by `rgb' on input line 1355.
Package xcolor Info: Model `Hsb' substituted by `hsb' on input line 1356.
Package xcolor Info: Model `tHsb' substituted by `hsb' on input line 1357.
Package xcolor Info: Model `HSB' substituted by `hsb' on input line 1358.
Package xcolor Info: Model `Gray' substituted by `gray' on input line 1359.
Package xcolor Info: Model `wave' substituted by `hsb' on input line 1360.
)
(/usr/local/texlive/2014/texmf-dist/tex/latex/psnfss/times.sty
Package: times 2005/04/12 PSNFSS-v9.2a (SPQR) 
)
(/usr/local/texlive/2014/texmf-dist/tex/generic/babel/babel.sty
Package: babel 2014/03/24 3.9k The Babel package

(/usr/local/texlive/2014/texmf-dist/tex/generic/babel-portuges/portuges.ldf
Language: portuges 2008/03/18 v1.2q Portuguese support from the babel system

(/usr/local/texlive/2014/texmf-dist/tex/generic/babel/babel.def
File: babel.def 2014/03/24 3.9k Babel common definitions
\babel@savecnt=\count141
\U@D=\dimen150
)
\l@brazilian = a dialect from \language\l@portuges 
Package babel Info: Making " an active character on input line 145.
))
(/usr/local/texlive/2014/texmf-dist/tex/latex/tools/indentfirst.sty
Package: indentfirst 1995/11/23 v1.03 Indent first paragraph (DPC)
)
(/usr/local/texlive/2014/texmf-dist/tex/latex/multirow/multirow.sty
\bigstrutjot=\dimen151
)

Class memoir Warning: You are using the caption package with the memoir class. 
To prepare we will now reset all captioning macros and configurations to kernel
 defaults, and then let the caption package take over. Please remember to use t
he caption package interfaces in order to configure your captions. .

(/usr/local/texlive/2014/texmf-dist/tex/latex/caption/caption.sty
Package: caption 2013/05/02 v3.3-89 Customizing captions (AR)

(/usr/local/texlive/2014/texmf-dist/tex/latex/caption/caption3.sty
Package: caption3 2013/05/02 v1.6-88 caption3 kernel (AR)
Package caption3 Info: TeX engine: e-TeX on input line 57.
\captionmargin=\dimen152
\captionmargin@=\dimen153
\captionwidth=\dimen154
\caption@tempdima=\dimen155
\caption@indent=\dimen156
\caption@parindent=\dimen157
\caption@hangindent=\dimen158
)
\c@ContinuedFloat=\count142
)
(/usr/local/texlive/2014/texmf-dist/tex/latex/tools/longtable.sty
Package: longtable 2004/02/01 v4.11 Multi-page Table package (DPC)
\LTleft=\skip186
\LTright=\skip187
\LTpre=\skip188
\LTpost=\skip189
\LTchunksize=\count143
\LTcapwidth=\dimen159
\LT@head=\box29
\LT@firsthead=\box30
\LT@foot=\box31
\LT@lastfoot=\box32
\LT@cols=\count144
\LT@rows=\count145
\c@LT@tables=\count146
\c@LT@chunks=\count147
\LT@p@ftn=\toks26
)
(/usr/local/texlive/2014/texmf-dist/tex/latex/oberdiek/pdfcolmk.sty
Package: pdfcolmk 2008/08/11 v1.2 Color support for pdfTeX via marks (HO)
Package pdfcolmk Info: The color stack of pdfTeX >= 1.40 is used. Therefore
(pdfcolmk)             this package is not necessary and not loaded.
)
\drop=\skip190

(/usr/local/texlive/2014/texmf-dist/tex/latex/hyperref/hyperref.sty
Package: hyperref 2012/11/06 v6.83m Hypertext links for LaTeX

(/usr/local/texlive/2014/texmf-dist/tex/generic/oberdiek/hobsub-hyperref.sty
Package: hobsub-hyperref 2012/05/28 v1.13 Bundle oberdiek, subset hyperref (HO)


(/usr/local/texlive/2014/texmf-dist/tex/generic/oberdiek/hobsub-generic.sty
Package: hobsub-generic 2012/05/28 v1.13 Bundle oberdiek, subset generic (HO)
Package: hobsub 2012/05/28 v1.13 Construct package bundles (HO)
Package hobsub Info: Skipping package `infwarerr' (already loaded).
Package hobsub Info: Skipping package `ltxcmds' (already loaded).
Package hobsub Info: Skipping package `ifluatex' (already loaded).
Package: ifvtex 2010/03/01 v1.5 Detect VTeX and its facilities (HO)
Package ifvtex Info: VTeX not detected.
Package: intcalc 2007/09/27 v1.1 Expandable calculations with integers (HO)
Package hobsub Info: Skipping package `ifpdf' (already loaded).
Package: etexcmds 2011/02/16 v1.5 Avoid name clashes with e-TeX commands (HO)
Package etexcmds Info: Could not find \expanded.
(etexcmds)             That can mean that you are not using pdfTeX 1.50 or
(etexcmds)             that some package has redefined \expanded.
(etexcmds)             In the latter case, load this package earlier.
Package: kvsetkeys 2012/04/25 v1.16 Key value parser (HO)
Package: kvdefinekeys 2011/04/07 v1.3 Define keys (HO)
Package: pdftexcmds 2011/11/29 v0.20 Utility functions of pdfTeX for LuaTeX (HO
)
Package pdftexcmds Info: LuaTeX not detected.
Package pdftexcmds Info: \pdf@primitive is available.
Package pdftexcmds Info: \pdf@ifprimitive is available.
Package pdftexcmds Info: \pdfdraftmode found.
Package: pdfescape 2011/11/25 v1.13 Implements pdfTeX's escape features (HO)
Package: bigintcalc 2012/04/08 v1.3 Expandable calculations on big integers (HO
)
Package: bitset 2011/01/30 v1.1 Handle bit-vector datatype (HO)
Package: uniquecounter 2011/01/30 v1.2 Provide unlimited unique counter (HO)
)
Package hobsub Info: Skipping package `hobsub' (already loaded).
Package: letltxmacro 2010/09/02 v1.4 Let assignment for LaTeX macros (HO)
Package: hopatch 2012/05/28 v1.2 Wrapper for package hooks (HO)
Package: xcolor-patch 2011/01/30 xcolor patch
Package: atveryend 2011/06/30 v1.8 Hooks at the very end of document (HO)
Package atveryend Info: \enddocument detected (standard20110627).
Package: atbegshi 2011/10/05 v1.16 At begin shipout hook (HO)
Package: refcount 2011/10/16 v3.4 Data extraction from label references (HO)
Package: hycolor 2011/01/30 v1.7 Color options for hyperref/bookmark (HO)
)
(/usr/local/texlive/2014/texmf-dist/tex/latex/oberdiek/auxhook.sty
Package: auxhook 2011/03/04 v1.3 Hooks for auxiliary files (HO)
)
(/usr/local/texlive/2014/texmf-dist/tex/latex/oberdiek/kvoptions.sty
Package: kvoptions 2011/06/30 v3.11 Key value format for package options (HO)
)
\@linkdim=\dimen160
\Hy@linkcounter=\count148
\Hy@pagecounter=\count149

(/usr/local/texlive/2014/texmf-dist/tex/latex/hyperref/pd1enc.def
File: pd1enc.def 2012/11/06 v6.83m Hyperref: PDFDocEncoding definition (HO)
Now handling font encoding PD1 ...
... no UTF-8 mapping file for font encoding PD1
)
\Hy@SavedSpaceFactor=\count150

(/usr/local/texlive/2014/texmf-dist/tex/latex/latexconfig/hyperref.cfg
File: hyperref.cfg 2002/06/06 v1.2 hyperref configuration of TeXLive
)
Package hyperref Info: Option `breaklinks' set `true' on input line 4319.
Package hyperref Info: Option `colorlinks' set `true' on input line 4319.
Package hyperref Info: Option `bookmarks' set `true' on input line 4319.
Package hyperref Info: Hyper figures OFF on input line 4443.
Package hyperref Info: Link nesting OFF on input line 4448.
Package hyperref Info: Hyper index ON on input line 4451.
Package hyperref Info: Plain pages OFF on input line 4458.
Package hyperref Info: Backreferencing OFF on input line 4463.
Package hyperref Info: Implicit mode ON; LaTeX internals redefined.
Package hyperref Info: Bookmarks ON on input line 4688.
\c@Hy@tempcnt=\count151

(/usr/local/texlive/2014/texmf-dist/tex/latex/url/url.sty
\Urlmuskip=\muskip10
Package: url 2013/09/16  ver 3.4  Verb mode for urls, etc.
)
LaTeX Info: Redefining \url on input line 5041.
\XeTeXLinkMargin=\dimen161
\Fld@menulength=\count152
\Field@Width=\dimen162
\Fld@charsize=\dimen163
Package hyperref Info: Hyper figures OFF on input line 6295.
Package hyperref Info: Link nesting OFF on input line 6300.
Package hyperref Info: Hyper index ON on input line 6303.
Package hyperref Info: backreferencing OFF on input line 6310.
Package hyperref Info: Link coloring ON on input line 6313.
Package hyperref Info: Link coloring with OCG OFF on input line 6320.
Package hyperref Info: PDF/A mode OFF on input line 6325.
LaTeX Info: Redefining \ref on input line 6365.
LaTeX Info: Redefining \pageref on input line 6369.
\Hy@abspage=\count153
\c@Item=\count154
\c@Hfootnote=\count155
)
(/usr/local/texlive/2014/texmf-dist/tex/latex/memoir/memhfixc.sty
Package: memhfixc 2013/05/30 v1.17 nameref/hyperref package fixes for memoir cl
ass
\c@memhycontfloat=\count156
\c@Hpagenote=\count157
)

Package hyperref Message: Driver (autodetected): hpdftex.

(/usr/local/texlive/2014/texmf-dist/tex/latex/hyperref/hpdftex.def
File: hpdftex.def 2012/11/06 v6.83m Hyperref driver for pdfTeX
\Fld@listcount=\count158
\c@bookmark@seq@number=\count159

(/usr/local/texlive/2014/texmf-dist/tex/latex/oberdiek/rerunfilecheck.sty
Package: rerunfilecheck 2011/04/15 v1.7 Rerun checks for auxiliary files (HO)
Package uniquecounter Info: New unique counter `rerunfilecheck' on input line 2
82.
)
\Hy@SectionHShift=\skip191
)
(/usr/local/texlive/2014/texmf-dist/tex/latex/geometry/geometry.sty
Package: geometry 2010/09/12 v5.6 Page Geometry
\Gm@cnth=\count160
\Gm@cntv=\count161
\c@Gm@tempcnt=\count162
\Gm@bindingoffset=\dimen164
\Gm@wd@mp=\dimen165
\Gm@odd@mp=\dimen166
\Gm@even@mp=\dimen167
\Gm@layoutwidth=\dimen168
\Gm@layoutheight=\dimen169
\Gm@layouthoffset=\dimen170
\Gm@layoutvoffset=\dimen171
\Gm@dimlist=\toks27
)

Package geometry Warning: Over-specification in `h'-direction.
    `width' (597.50787pt) is ignored.


Package geometry Warning: Over-specification in `v'-direction.
    `height' (845.04684pt) is ignored.

(./CPC-NEURO2014_0.2.aux)
\openout1 = `CPC-NEURO2014_0.2.aux'.

LaTeX Font Info:    Checking defaults for OML/cmm/m/it on input line 211.
LaTeX Font Info:    ... okay on input line 211.
LaTeX Font Info:    Checking defaults for T1/cmr/m/n on input line 211.
LaTeX Font Info:    ... okay on input line 211.
LaTeX Font Info:    Checking defaults for OT1/cmr/m/n on input line 211.
LaTeX Font Info:    ... okay on input line 211.
LaTeX Font Info:    Checking defaults for OMS/cmsy/m/n on input line 211.
LaTeX Font Info:    ... okay on input line 211.
LaTeX Font Info:    Checking defaults for OMX/cmex/m/n on input line 211.
LaTeX Font Info:    ... okay on input line 211.
LaTeX Font Info:    Checking defaults for U/cmr/m/n on input line 211.
LaTeX Font Info:    ... okay on input line 211.
LaTeX Font Info:    Checking defaults for PD1/pdf/m/n on input line 211.
LaTeX Font Info:    ... okay on input line 211.
LaTeX Font Info:    Try loading font information for T1+ptm on input line 211.

(/usr/local/texlive/2014/texmf-dist/tex/latex/psnfss/t1ptm.fd
File: t1ptm.fd 2001/06/04 font definitions for T1/ptm.
)
LaTeX Info: Redefining \microtypecontext on input line 211.
Package microtype Info: Generating PDF output.
Package microtype Info: Character protrusion enabled (level 2).
Package microtype Info: Using default protrusion set `alltext'.
Package microtype Info: Automatic font expansion enabled (level 2),
(microtype)             stretch: 20, shrink: 20, step: 1, non-selected.
Package microtype Info: Using default expansion set `basictext'.
Package microtype Info: No adjustment of tracking.
Package microtype Info: No adjustment of interword spacing.
Package microtype Info: No adjustment of character kerning.

(/usr/local/texlive/2014/texmf-dist/tex/latex/microtype/mt-ptm.cfg
File: mt-ptm.cfg 2006/04/20 v1.7 microtype config. file: Times (RS)
)
(/usr/local/texlive/2014/texmf-dist/tex/latex/oberdiek/epstopdf-base.sty
Package: epstopdf-base 2010/02/09 v2.5 Base part for package epstopdf

(/usr/local/texlive/2014/texmf-dist/tex/latex/oberdiek/grfext.sty
Package: grfext 2010/08/19 v1.1 Manage graphics extensions (HO)
)
Package epstopdf-base Info: Redefining graphics rule for `.eps' on input line 4
34.
Package grfext Info: Graphics extension search list:
(grfext)             [.png,.pdf,.jpg,.mps,.jpeg,.jbig2,.jb2,.PNG,.PDF,.JPG,.JPE
G,.JBIG2,.JB2,.eps]
(grfext)             \AppendGraphicsExtensions on input line 452.

(/usr/local/texlive/2014/texmf-dist/tex/latex/latexconfig/epstopdf-sys.cfg
File: epstopdf-sys.cfg 2010/07/13 v1.3 Configuration of (r)epstopdf for TeX Liv
e
))
(/usr/local/texlive/2014/texmf-dist/tex/context/base/supp-pdf.mkii
[Loading MPS to PDF converter (version 2006.09.02).]
\scratchcounter=\count163
\scratchdimen=\dimen172
\scratchbox=\box33
\nofMPsegments=\count164
\nofMParguments=\count165
\everyMPshowfont=\toks28
\MPscratchCnt=\count166
\MPscratchDim=\dimen173
\MPnumerator=\count167
\makeMPintoPDFobject=\count168
\everyMPtoPDFconversion=\toks29
)
Package caption Info: Begin \AtBeginDocument code.
Package caption Info: hyperref package is loaded.
Package caption Info: longtable package is loaded.
 (/usr/local/texlive/2014/texmf-dist/tex/latex/caption/ltcaption.sty
Package: ltcaption 2013/02/03 v1.3-62 longtable captions (AR)
)
Package caption Info: End \AtBeginDocument code.
\AtBeginShipoutBox=\box34
Package hyperref Info: Link coloring ON on input line 211.

(/usr/local/texlive/2014/texmf-dist/tex/latex/hyperref/nameref.sty
Package: nameref 2012/10/27 v2.43 Cross-referencing by name of section

(/usr/local/texlive/2014/texmf-dist/tex/generic/oberdiek/gettitlestring.sty
Package: gettitlestring 2010/12/03 v1.4 Cleanup title references (HO)
)
\c@section@level=\count169
)
Redoing nameref's sectioning
Redoing nameref's label
LaTeX Info: Redefining \nameref on input line 211.
LaTeX Info: Redefining \ref on input line 211.
LaTeX Info: Redefining \pageref on input line 211.
LaTeX Info: Redefining \nameref on input line 211.
(./CPC-NEURO2014_0.2.out) (./CPC-NEURO2014_0.2.out)
\@outlinefile=\write4
\openout4 = `CPC-NEURO2014_0.2.out'.


*geometry* driver: auto-detecting
*geometry* detected driver: pdftex
*geometry* verbose mode - [ preamble ] result:
* driver: pdftex
* paper: a4paper
* layout: <same size as paper>
* layoutoffset:(h,v)=(0.0pt,0.0pt)
* bindingoffset: 28.45274pt
* modes: twoside 
* h-part:(L,W,R)=(56.9055pt, 455.24413pt, 56.9055pt)
* v-part:(T,H,B)=(71.13188pt, 702.78308pt, 71.13188pt)
* \paperwidth=597.50787pt
* \paperheight=845.04684pt
* \textwidth=455.24413pt
* \textheight=702.78308pt
* \oddsidemargin=13.08826pt
* \evensidemargin=-15.36449pt
* \topmargin=-34.61191pt
* \headheight=13.6pt
* \headsep=19.8738pt
* \topskip=11.0pt
* \footskip=27.46295pt
* \marginparwidth=101.0pt
* \marginparsep=7.0pt
* \columnsep=10.0pt
* \skip\footins=12.0pt plus 4.0pt minus 4.0pt
* \hoffset=0.0pt
* \voffset=0.0pt
* \mag=1000
* \@twocolumnfalse
* \@twosidetrue
* \@mparswitchtrue
* \@reversemarginfalse
* (1in=72.27pt=25.4mm, 1cm=28.453pt)

(/usr/local/texlive/2014/texmf-dist/tex/latex/microtype/mt-cmr.cfg
File: mt-cmr.cfg 2013/05/19 v2.2 microtype config. file: Computer Modern Roman 
(RS)
)
LaTeX Font Info:    External font `cmex10' loaded for size
(Font)              <14.4> on input line 215.
LaTeX Font Info:    External font `cmex10' loaded for size
(Font)              <7> on input line 215.
Package babel Info: Redefining portuges shorthand "|
(babel)             in language  on input line 217.
Package babel Info: Redefining portuges shorthand "|
(babel)             in language  on input line 217.
 [1

{/usr/local/texlive/2014/texmf-var/fonts/map/pdftex/updmap/pdftex.map}]
Package babel Info: Redefining portuges shorthand "|
(babel)             in language  on input line 217.
Package babel Info: Redefining portuges shorthand "|
(babel)             in language  on input line 217.
 [2

]
Package babel Info: Redefining portuges shorthand "|
(babel)             in language  on input line 281.
Package babel Info: Redefining portuges shorthand "|
(babel)             in language  on input line 281.
 [3]
Package babel Info: Redefining portuges shorthand "|
(babel)             in language  on input line 281.
Package babel Info: Redefining portuges shorthand "|
(babel)             in language  on input line 281.
 [4

]
Package babel Info: Redefining portuges shorthand "|
(babel)             in language  on input line 281.
Package babel Info: Redefining portuges shorthand "|
(babel)             in language  on input line 281.

[5]
Package babel Info: Redefining portuges shorthand "|
(babel)             in language  on input line 285.
Package babel Info: Redefining portuges shorthand "|
(babel)             in language  on input line 285.
 [6

]
LaTeX Font Info:    Try loading font information for T1+phv on input line 285.
 (/usr/local/texlive/2014/texmf-dist/tex/latex/psnfss/t1phv.fd
File: t1phv.fd 2001/06/04 scalable font definitions for T1/phv.
)
Package microtype Info: Loading generic settings for font family
(microtype)             `phv' (encoding: T1).
(microtype)             For optimal results, create family-specific settings.
(microtype)             See the microtype manual for details.
LaTeX Font Info:    Font shape `T1/phv/bx/n' in size <24.88> not available
(Font)              Font shape `T1/phv/b/n' tried instead on input line 285.
Missing character: There is no ⁄ in font cmr10!
Missing character: There is no ¡ in font cmr10!
Missing character: There is no « in font cmr10!
Missing character: There is no √ in font cmr10!
Package babel Info: Redefining portuges shorthand "|
(babel)             in language  on input line 289.
Package babel Info: Redefining portuges shorthand "|
(babel)             in language  on input line 289.
pdfTeX warning (ext4): destination with the same identifier (name{page.5}) has 
been already used, duplicate ignored
<to be read again> 
                   \relax 
l.289 \end{contributors}
                         [5

]
Package babel Info: Redefining portuges shorthand "|
(babel)             in language  on input line 292.
 (./CPC-NEURO2014_0.2.toc
LaTeX Font Info:    Font shape `T1/ptm/bx/n' in size <10.95> not available
(Font)              Font shape `T1/ptm/b/n' tried instead on input line 2.
LaTeX Font Info:    External font `cmex10' loaded for size
(Font)              <10.95> on input line 2.
LaTeX Font Info:    External font `cmex10' loaded for size
(Font)              <8> on input line 2.
LaTeX Font Info:    External font `cmex10' loaded for size
(Font)              <6> on input line 2.

Overfull \hbox (0.81082pt too wide) in paragraph at lines 20--20
 [][] [][][]\T1/ptm/m/n/10.95 (-20) MEDULOBLASTOMA - RISCO PA-DR√O -- Adap-tado
 dos en-saios CCG-9961 e ACNS0331[][] []  
 []

Package babel Info: Redefining portuges shorthand "|
(babel)             in language  on input line 28.
Package babel Info: Redefining portuges shorthand "|
(babel)             in language  on input line 28.
pdfTeX warning (ext4): destination with the same identifier (name{page.6}) has 
been already used, duplicate ignored
<to be read again> 
                   \relax 
l.28 ...\IeC {\~a}o padronizados)}{49}{appendix.C}
                                                   [6]
LaTeX Font Info:    Font shape `T1/ptm/bx/it' in size <10.95> not available
(Font)              Font shape `T1/ptm/b/it' tried instead on input line 28.
)
Package babel Info: Redefining portuges shorthand "|
(babel)             in language  on input line 292.
Package babel Info: Redefining portuges shorthand "|
(babel)             in language  on input line 292.
 [7]
Package babel Info: Redefining portuges shorthand "|
(babel)             in language  on input line 294.

(./CPC-NEURO2014_0.2.lof)
Package babel Info: Redefining portuges shorthand "|
(babel)             in language  on input line 295.
 (./CPC-NEURO2014_0.2.lot)
Package babel Info: Redefining portuges shorthand "|
(babel)             in language  on input line 297.
Package babel Info: Redefining portuges shorthand "|
(babel)             in language  on input line 297.
 [8

]
LaTeX Font Info:    Font shape `T1/ptm/bx/n' in size <14.4> not available
(Font)              Font shape `T1/ptm/b/n' tried instead on input line 304.
LaTeX Font Info:    Font shape `T1/phv/bx/n' in size <14.4> not available
(Font)              Font shape `T1/phv/b/n' tried instead on input line 304.
Package babel Info: Redefining portuges shorthand "|
(babel)             in language  on input line 313.
Package babel Info: Redefining portuges shorthand "|
(babel)             in language  on input line 313.
pdfTeX warning (ext4): destination with the same identifier (name{page.1}) has 
been already used, duplicate ignored
<to be read again> 
                   \relax 
l.313 \clearpage
                 [1


]
Package babel Info: Redefining portuges shorthand "|
(babel)             in language  on input line 318.
Package babel Info: Redefining portuges shorthand "|
(babel)             in language  on input line 318.
pdfTeX warning (ext4): destination with the same identifier (name{page.2}) has 
been already used, duplicate ignored
<to be read again> 
                   \relax 
l.318 \chapter
              {Introdu√ß√£o} [2


]
LaTeX Font Info:    Font shape `T1/phv/m/it' in size <14.4> not available
(Font)              Font shape `T1/phv/m/sl' tried instead on input line 318.
Package babel Info: Redefining portuges shorthand "|
(babel)             in language  on input line 318.
Package babel Info: Redefining portuges shorthand "|
(babel)             in language  on input line 369.


pdfTeX warning: /usr/texbin/pdflatex (file ./fig1.pdf): PDF inclusion: found PD
F version <1.7>, but at most version <1.5> allowed
<fig1.pdf, id=308, 614.295pt x 794.97pt>
File: fig1.pdf Graphic file (type pdf)
 <use fig1.pdf>
Package pdftex.def Info: fig1.pdf used on input line 372.
(pdftex.def)             Requested size: 455.55289pt x 651.44832pt.


pdfTeX warning: /usr/texbin/pdflatex (file ./fig2.pdf): PDF inclusion: found PD
F version <1.7>, but at most version <1.5> allowed
<fig2.pdf, id=310, 614.295pt x 794.97pt>
File: fig2.pdf Graphic file (type pdf)
 <use fig2.pdf>
Package pdftex.def Info: fig2.pdf used on input line 377.
(pdftex.def)             Requested size: 528.93547pt x 615.71617pt.

Overfull \hbox (73.69135pt too wide) in paragraph at lines 377--378
[][] 
 []


LaTeX Warning: Citation `Ostrom01102014' on page 3 undefined on input line 383.



LaTeX Warning: Citation `Peris-Bonet' on page 3 undefined on input line 383.


LaTeX Warning: Citation `CNCR21430' on page 3 undefined on input line 383.


LaTeX Warning: Citation `IJC24799' on page 3 undefined on input line 383.


LaTeX Warning: Citation `Ostrom01102014' on page 3 undefined on input line 385.



LaTeX Warning: Citation `gan' on page 3 undefined on input line 385.


LaTeX Warning: Citation `partap' on page 3 undefined on input line 385.

Package babel Info: Redefining portuges shorthand "|
(babel)             in language  on input line 386.
Package babel Info: Redefining portuges shorthand "|
(babel)             in language  on input line 386.
pdfTeX warning (ext4): destination with the same identifier (name{page.3}) has 
been already used, duplicate ignored
<to be read again> 
                   \relax 
l.386 
       [3]
Package babel Info: Redefining portuges shorthand "|
(babel)             in language  on input line 386.
Package babel Info: Redefining portuges shorthand "|
(babel)             in language  on input line 386.
pdfTeX warning (ext4): destination with the same identifier (name{page.4}) has 
been already used, duplicate ignored
<to be read again> 
                   \relax 
l.386 
       [4 <./fig1.pdf>]

LaTeX Warning: Citation `merchant' on page 5 undefined on input line 387.


LaTeX Warning: Citation `araujo' on page 5 undefined on input line 387.


LaTeX Warning: Citation `ocebm' on page 5 undefined on input line 389.


Underfull \vbox (badness 7944) has occurred while \output is active []

Package babel Info: Redefining portuges shorthand "|
(babel)             in language  on input line 390.
Package babel Info: Redefining portuges shorthand "|
(babel)             in language  on input line 390.
pdfTeX warning (ext4): destination with the same identifier (name{page.5}) has 
been already used, duplicate ignored
<to be read again> 
                   \relax 
l.390 
       [5]
Underfull \vbox (badness 10000) has occurred while \output is active []

Package babel Info: Redefining portuges shorthand "|
(babel)             in language  on input line 390.
Package babel Info: Redefining portuges shorthand "|
(babel)             in language  on input line 390.
pdfTeX warning (ext4): destination with the same identifier (name{page.6}) has 
been already used, duplicate ignored
<to be read again> 
                   \relax 
l.390 
       [6 <./fig2.pdf>]
Package babel Info: Redefining portuges shorthand "|
(babel)             in language  on input line 391.


LaTeX Warning: Citation `cnes' on page 7 undefined on input line 392.


LaTeX Warning: Citation `estat' on page 7 undefined on input line 394.


LaTeX Warning: Citation `inca' on page 7 undefined on input line 394.

Package babel Info: Redefining portuges shorthand "|
(babel)             in language  on input line 396.
Package babel Info: Redefining portuges shorthand "|
(babel)             in language  on input line 396.
pdfTeX warning (ext4): destination with the same identifier (name{page.7}) has 
been already used, duplicate ignored
<to be read again> 
                   \relax 
l.396 \chapter
              {O tratamento de tumores cerebrais em crian√ßas} [7]
Package babel Info: Redefining portuges shorthand "|
(babel)             in language  on input line 396.
Package babel Info: Redefining portuges shorthand "|
(babel)             in language  on input line 396.
pdfTeX warning (ext4): destination with the same identifier (name{page.8}) has 
been already used, duplicate ignored
<to be read again> 
                   \relax 
l.396 \chapter
              {O tratamento de tumores cerebrais em crian√ßas} [8

]
Package babel Info: Redefining portuges shorthand "|
(babel)             in language  on input line 396.
Package babel Info: Redefining portuges shorthand "|
(babel)             in language  on input line 398.
LaTeX Font Info:    Font shape `T1/ptm/bx/n' in size <12> not available
(Font)              Font shape `T1/ptm/b/n' tried instead on input line 400.
LaTeX Font Info:    Font shape `T1/phv/bx/n' in size <12> not available
(Font)              Font shape `T1/phv/b/n' tried instead on input line 400.
Package babel Info: Redefining portuges shorthand "|
(babel)             in language  on input line 400.


pdfTeX warning: /usr/texbin/pdflatex (file ./fig3.pdf): PDF inclusion: found PD
F version <1.7>, but at most version <1.5> allowed
<fig3.pdf, id=338, 614.295pt x 794.97pt>
File: fig3.pdf Graphic file (type pdf)
 <use fig3.pdf>
Package pdftex.def Info: fig3.pdf used on input line 403.
(pdftex.def)             Requested size: 520.39967pt x 675.46681pt.

Overfull \hbox (65.15555pt too wide) in paragraph at lines 403--404
[][] 
 []


LaTeX Warning: Citation `CNCR20910' on page 9 undefined on input line 408.


LaTeX Warning: Citation `louis' on page 9 undefined on input line 408.


LaTeX Warning: Citation `wisof' on page 9 undefined on input line 408.


LaTeX Warning: Citation `gan' on page 9 undefined on input line 409.


LaTeX Warning: Citation `wisof' on page 9 undefined on input line 409.


LaTeX Warning: Citation `gan' on page 9 undefined on input line 409.


LaTeX Warning: Citation `wisof' on page 9 undefined on input line 409.


LaTeX Warning: Citation `gan' on page 9 undefined on input line 409.


LaTeX Warning: Citation `wisof' on page 9 undefined on input line 409.

Package babel Info: Redefining portuges shorthand "|
(babel)             in language  on input line 410.
Package babel Info: Redefining portuges shorthand "|
(babel)             in language  on input line 410.
[9]

LaTeX Warning: Citation `wisof' on page 10 undefined on input line 411.


LaTeX Warning: Citation `Merchant01082009' on page 10 undefined on input line 4
13.


LaTeX Warning: Citation `Merchant01082009.2' on page 10 undefined on input line
 413.


Underfull \vbox (badness 10000) has occurred while \output is active []

Package babel Info: Redefining portuges shorthand "|
(babel)             in language  on input line 414.
Package babel Info: Redefining portuges shorthand "|
(babel)             in language  on input line 414.
 [10]

LaTeX Warning: Citation `packer' on page 11 undefined on input line 415.


LaTeX Warning: Citation `gnekow' on page 11 undefined on input line 415.


LaTeX Warning: Citation `prados' on page 11 undefined on input line 415.


LaTeX Warning: Citation `mass' on page 11 undefined on input line 415.


LaTeX Warning: Citation `packer' on page 11 undefined on input line 415.


LaTeX Warning: Citation `fried' on page 11 undefined on input line 415.


LaTeX Warning: Citation `gnekow' on page 11 undefined on input line 415.


LaTeX Warning: Citation `gnekow2' on page 11 undefined on input line 415.


LaTeX Warning: Citation `gnekow3' on page 11 undefined on input line 415.


LaTeX Warning: Citation `mass' on page 11 undefined on input line 415.


Underfull \vbox (badness 10000) has occurred while \output is active []

Package babel Info: Redefining portuges shorthand "|
(babel)             in language  on input line 416.
Package babel Info: Redefining portuges shorthand "|
(babel)             in language  on input line 416.
 [11]

LaTeX Warning: Citation `prados' on page 12 undefined on input line 417.


LaTeX Warning: Citation `Ater20072012' on page 12 undefined on input line 417.


Underfull \vbox (badness 10000) has occurred while \output is active []

Package babel Info: Redefining portuges shorthand "|
(babel)             in language  on input line 420.
Package babel Info: Redefining portuges shorthand "|
(babel)             in language  on input line 420.
 [12]
No file CPC-NEURO2014_0.2.bbl.
Package babel Info: Redefining portuges shorthand "|
(babel)             in language  on input line 427.
Package babel Info: Redefining portuges shorthand "|
(babel)             in language  on input line 427.
[13]
Package babel Info: Redefining portuges shorthand "|
(babel)             in language  on input line 427.
Package babel Info: Redefining portuges shorthand "|
(babel)             in language  on input line 427.
 [14 <./fig3.pdf>]
Package babel Info: Redefining portuges shorthand "|
(babel)             in language  on input line 427.
Package babel Info: Redefining portuges shorthand "|
(babel)             in language  on input line 436.
Package babel Info: Redefining portuges shorthand "|
(babel)             in language  on input line 436.
 [15

]
Package babel Info: Redefining portuges shorthand "|
(babel)             in language  on input line 436.
Package babel Info: Redefining portuges shorthand "|
(babel)             in language  on input line 436.
 [16

]
Package babel Info: Redefining portuges shorthand "|
(babel)             in language  on input line 437.
Package babel Info: Redefining portuges shorthand "|
(babel)             in language  on input line 438.
Package babel Info: Redefining portuges shorthand "|
(babel)             in language  on input line 438.
 [17

]
Package babel Info: Redefining portuges shorthand "|
(babel)             in language  on input line 438.
Package babel Info: Redefining portuges shorthand "|
(babel)             in language  on input line 438.
 [18

]
Package babel Info: Redefining portuges shorthand "|
(babel)             in language  on input line 439.
LaTeX Font Info:    External font `cmex10' loaded for size
(Font)              <9> on input line 440.
LaTeX Font Info:    External font `cmex10' loaded for size
(Font)              <5> on input line 440.


Package hyperref Warning: Ignoring empty anchor on input line 440.


Underfull \hbox (badness 10000) in paragraph at lines 443--444

 []

LaTeX Font Info:    Font shape `T1/ptm/bx/n' in size <10> not available
(Font)              Font shape `T1/ptm/b/n' tried instead on input line 454.

Underfull \hbox (badness 10000) in paragraph at lines 454--455

 []

Package babel Info: Redefining portuges shorthand "|
(babel)             in language  on input line 458.

Overfull \hbox (1.55295pt too wide) in alignment at lines 461--497
 [] [] [] [] 
 []


Underfull \vbox (badness 10000) detected at line 497
 []


Overfull \hbox (1.55295pt too wide) in alignment at lines 497--517
 [] [] [] [] 
 []

Package babel Info: Redefining portuges shorthand "|
(babel)             in language  on input line 517.
Package babel Info: Redefining portuges shorthand "|
(babel)             in language  on input line 517.
[19]
Package babel Info: Redefining portuges shorthand "|
(babel)             in language  on input line 521.

Overfull \hbox (1.55295pt too wide) in alignment at lines 524--547
 [] [] [] [] 
 []


Underfull \vbox (badness 10000) detected at line 547
 []


Overfull \hbox (1.55295pt too wide) in alignment at lines 552--574
 [] [] [] [] 
 []


Underfull \vbox (badness 10000) detected at line 574
 []

Package babel Info: Redefining portuges shorthand "|
(babel)             in language  on input line 574.
Package babel Info: Redefining portuges shorthand "|
(babel)             in language  on input line 574.
[20]
Overfull \hbox (1.55295pt too wide) in alignment at lines 579--602
 [] [] [] [] 
 []


Underfull \vbox (badness 10000) detected at line 602
 []


Overfull \hbox (1.55295pt too wide) in alignment at lines 607--630
 [] [] [] [] 
 []


Underfull \vbox (badness 10000) detected at line 630
 []


Overfull \hbox (8.50432pt too wide) in paragraph at lines 644--644
[]|\T1/ptm/m/n/10.95 (-20) Exames:| 
 []


Underfull \vbox (badness 10000) detected at line 657
 []

Package babel Info: Redefining portuges shorthand "|
(babel)             in language  on input line 657.
Package babel Info: Redefining portuges shorthand "|
(babel)             in language  on input line 657.
[21]
Overfull \hbox (8.50432pt too wide) in paragraph at lines 672--672
[]|\T1/ptm/m/n/10.95 (-20) Exames:| 
 []


Underfull \vbox (badness 10000) detected at line 685
 []


Overfull \hbox (8.50432pt too wide) in paragraph at lines 700--700
[]|\T1/ptm/m/n/10.95 (-20) Exames:| 
 []


Underfull \vbox (badness 10000) detected at line 713
 []


Overfull \hbox (8.50432pt too wide) in paragraph at lines 728--728
[]|\T1/ptm/m/n/10.95 (-20) Exames:| 
 []


Underfull \vbox (badness 10000) detected at line 741
 []

Package babel Info: Redefining portuges shorthand "|
(babel)             in language  on input line 741.
Package babel Info: Redefining portuges shorthand "|
(babel)             in language  on input line 741.
[22]
Package babel Info: Redefining portuges shorthand "|
(babel)             in language  on input line 749.
Package babel Info: Redefining portuges shorthand "|
(babel)             in language  on input line 754.
Package babel Info: Redefining portuges shorthand "|
(babel)             in language  on input line 754.
 [23]
Package babel Info: Redefining portuges shorthand "|
(babel)             in language  on input line 754.
Package babel Info: Redefining portuges shorthand "|
(babel)             in language  on input line 754.
 [24

]
Package babel Info: Redefining portuges shorthand "|
(babel)             in language  on input line 756.
pdfTeX warning (ext4): destination with the same identifier (name{Hfootnote.1})
 has been already used, duplicate ignored
<to be read again> 
                   \relax 
l.757 ...\relax\footnotetext{Vers√£o Janeiro/2015}
                                                  }
Underfull \hbox (badness 10000) in paragraph at lines 764--765

 []


Underfull \hbox (badness 10000) in paragraph at lines 766--767

 []

Package babel Info: Redefining portuges shorthand "|
(babel)             in language  on input line 768.

Overfull \hbox (8.50432pt too wide) in paragraph at lines 775--775
[]|\T1/ptm/m/n/10.95 (-20) Exames:| 
 []


Overfull \hbox (8.50432pt too wide) in paragraph at lines 798--798
[]|\T1/ptm/m/n/10.95 (-20) Exames:| 
 []


Underfull \vbox (badness 10000) detected at line 804
 []


Overfull \hbox (8.50432pt too wide) in paragraph at lines 820--820
[]|\T1/ptm/m/n/10.95 (-20) Exames:| 
 []

Package babel Info: Redefining portuges shorthand "|
(babel)             in language  on input line 839.
Package babel Info: Redefining portuges shorthand "|
(babel)             in language  on input line 839.
[25]
Overfull \hbox (8.50432pt too wide) in paragraph at lines 843--843
[]|\T1/ptm/m/n/10.95 (-20) Exames:| 
 []


Overfull \hbox (8.50432pt too wide) in paragraph at lines 866--866
[]|\T1/ptm/m/n/10.95 (-20) Exames:| 
 []


Overfull \hbox (8.50432pt too wide) in paragraph at lines 888--888
[]|\T1/ptm/m/n/10.95 (-20) Exames:| 
 []

Package babel Info: Redefining portuges shorthand "|
(babel)             in language  on input line 907.
Package babel Info: Redefining portuges shorthand "|
(babel)             in language  on input line 907.
[26]
Overfull \hbox (8.50432pt too wide) in paragraph at lines 911--911
[]|\T1/ptm/m/n/10.95 (-20) Exames:| 
 []


Overfull \hbox (8.50432pt too wide) in paragraph at lines 934--934
[]|\T1/ptm/m/n/10.95 (-20) Exames:| 
 []


Overfull \hbox (8.50432pt too wide) in paragraph at lines 956--956
[]|\T1/ptm/m/n/10.95 (-20) Exames:| 
 []

Package babel Info: Redefining portuges shorthand "|
(babel)             in language  on input line 977.
Package babel Info: Redefining portuges shorthand "|
(babel)             in language  on input line 977.
[27]
Overfull \hbox (8.50432pt too wide) in paragraph at lines 979--979
[]|\T1/ptm/m/n/10.95 (-20) Exames:| 
 []


Overfull \hbox (8.50432pt too wide) in paragraph at lines 1002--1002
[]|\T1/ptm/m/n/10.95 (-20) Exames:| 
 []


Overfull \hbox (8.50432pt too wide) in paragraph at lines 1023--1023
[]|\T1/ptm/m/n/10.95 (-20) Exames:| 
 []


Overfull \hbox (8.50432pt too wide) in paragraph at lines 1046--1046
[]|\T1/ptm/m/n/10.95 (-20) Exames:| 
 []

Package babel Info: Redefining portuges shorthand "|
(babel)             in language  on input line 1048.
Package babel Info: Redefining portuges shorthand "|
(babel)             in language  on input line 1048.
[28]
Overfull \hbox (8.50432pt too wide) in paragraph at lines 1069--1069
[]|\T1/ptm/m/n/10.95 (-20) Exames:| 
 []

Package babel Info: Redefining portuges shorthand "|
(babel)             in language  on input line 1077.
Package babel Info: Redefining portuges shorthand "|
(babel)             in language  on input line 1080.
Package babel Info: Redefining portuges shorthand "|
(babel)             in language  on input line 1080.
[29]
Underfull \hbox (badness 10000) in paragraph at lines 1080--1081

 []

Package babel Info: Redefining portuges shorthand "|
(babel)             in language  on input line 1082.
Package babel Info: Redefining portuges shorthand "|
(babel)             in language  on input line 1082.
[30]
Package babel Info: Redefining portuges shorthand "|
(babel)             in language  on input line 1083.
pdfTeX warning (ext4): destination with the same identifier (name{Hfootnote.2})
 has been already used, duplicate ignored
<to be read again> 
                   \relax 
l.1084 ...relax\footnotetext{Vers√£o Janeiro/2015}
                                                  }
Underfull \hbox (badness 10000) in paragraph at lines 1091--1092

 []


Underfull \hbox (badness 10000) in paragraph at lines 1093--1094

 []

Package babel Info: Redefining portuges shorthand "|
(babel)             in language  on input line 1095.

Underfull \vbox (badness 10000) detected at line 1117
 []


Underfull \vbox (badness 10000) detected at line 1139
 []

Package babel Info: Redefining portuges shorthand "|
(babel)             in language  on input line 1139.
Package babel Info: Redefining portuges shorthand "|
(babel)             in language  on input line 1139.
[31

]
Underfull \vbox (badness 10000) detected at line 1160
 []


Underfull \vbox (badness 10000) detected at line 1180
 []


Underfull \vbox (badness 10000) detected at line 1200
 []

Package babel Info: Redefining portuges shorthand "|
(babel)             in language  on input line 1201.
Package babel Info: Redefining portuges shorthand "|
(babel)             in language  on input line 1201.
[32]
Underfull \vbox (badness 10000) detected at line 1221
 []


Underfull \vbox (badness 10000) detected at line 1237
 []

Package babel Info: Redefining portuges shorthand "|
(babel)             in language  on input line 1242.

Underfull \vbox (badness 10000) detected at line 1267
 []


Underfull \vbox (badness 10000) detected at line 1286
 []

Package babel Info: Redefining portuges shorthand "|
(babel)             in language  on input line 1286.
Package babel Info: Redefining portuges shorthand "|
(babel)             in language  on input line 1286.
[33

]
Underfull \vbox (badness 10000) detected at line 1310
 []


Underfull \vbox (badness 10000) detected at line 1330
 []

Package babel Info: Redefining portuges shorthand "|
(babel)             in language  on input line 1330.
Package babel Info: Redefining portuges shorthand "|
(babel)             in language  on input line 1330.
[34]
Underfull \vbox (badness 10000) detected at line 1354
 []


Underfull \vbox (badness 10000) detected at line 1375
 []


Underfull \vbox (badness 10000) detected at line 1399
 []

Package babel Info: Redefining portuges shorthand "|
(babel)             in language  on input line 1399.
Package babel Info: Redefining portuges shorthand "|
(babel)             in language  on input line 1399.
[35]
Underfull \vbox (badness 10000) detected at line 1419
 []

Package babel Info: Redefining portuges shorthand "|
(babel)             in language  on input line 1424.

Underfull \hbox (badness 10000) in paragraph at lines 1429--1430

 []


Underfull \hbox (badness 10000) in paragraph at lines 1431--1432

 []

Package babel Info: Redefining portuges shorthand "|
(babel)             in language  on input line 1432.
Package babel Info: Redefining portuges shorthand "|
(babel)             in language  on input line 1432.
[36]
Package babel Info: Redefining portuges shorthand "|
(babel)             in language  on input line 1432.
Package babel Info: Redefining portuges shorthand "|
(babel)             in language  on input line 1432.
 [37]
Package babel Info: Redefining portuges shorthand "|
(babel)             in language  on input line 1432.
Package babel Info: Redefining portuges shorthand "|
(babel)             in language  on input line 1432.
 [38

]
Package babel Info: Redefining portuges shorthand "|
(babel)             in language  on input line 1433.
pdfTeX warning (ext4): destination with the same identifier (name{Hfootnote.3})
 has been already used, duplicate ignored
<to be read again> 
                   \relax 
l.1434 ...relax\footnotetext{Vers√£o Janeiro/2015}
                                                  }
Underfull \hbox (badness 10000) in paragraph at lines 1442--1443

 []


Underfull \hbox (badness 10000) in paragraph at lines 1444--1445

 []

Package babel Info: Redefining portuges shorthand "|
(babel)             in language  on input line 1446.

Overfull \hbox (5.0646pt too wide) in alignment at lines 1449--1471
 [] [] [] [] [] [] [] 
 []


Underfull \vbox (badness 10000) detected at line 1471
 []


Underfull \vbox (badness 10000) detected at line 1480
 []


Overfull \hbox (10.0646pt too wide) in alignment at lines 1482--1504
 [] [] [] [] [] [] [] 
 []


Underfull \vbox (badness 10000) detected at line 1504
 []

Package babel Info: Redefining portuges shorthand "|
(babel)             in language  on input line 1504.
Package babel Info: Redefining portuges shorthand "|
(babel)             in language  on input line 1504.
[39]
Underfull \vbox (badness 10000) detected at line 1513
 []


Overfull \hbox (10.0646pt too wide) in alignment at lines 1514--1536
 [] [] [] [] [] [] [] 
 []


Underfull \vbox (badness 10000) detected at line 1536
 []

Package babel Info: Redefining portuges shorthand "|
(babel)             in language  on input line 1537.
Package babel Info: Redefining portuges shorthand "|
(babel)             in language  on input line 1537.
[40]
Underfull \vbox (badness 10000) detected at line 1546
 []


Underfull \vbox (badness 10000) detected at line 1568
 []


Underfull \vbox (badness 10000) detected at line 1589
 []

Package babel Info: Redefining portuges shorthand "|
(babel)             in language  on input line 1595.
Package babel Info: Redefining portuges shorthand "|
(babel)             in language  on input line 1595.
[41

]
Package babel Info: Redefining portuges shorthand "|
(babel)             in language  on input line 1596.

Underfull \vbox (badness 10000) detected at line 1612
 []


Underfull \vbox (badness 10000) detected at line 1623
 []


Underfull \vbox (badness 10000) detected at line 1636
 []


Underfull \vbox (badness 10000) detected at line 1653
 []


Underfull \vbox (badness 10000) detected at line 1664
 []


Overfull \vbox (4.2798pt too high) has occurred while \output is active []

Package babel Info: Redefining portuges shorthand "|
(babel)             in language  on input line 1664.
Package babel Info: Redefining portuges shorthand "|
(babel)             in language  on input line 1664.

[42

]
Underfull \vbox (badness 10000) detected at line 1676
 []


Underfull \vbox (badness 10000) detected at line 1693
 []


Underfull \vbox (badness 10000) detected at line 1704
 []


Underfull \vbox (badness 10000) detected at line 1717
 []


Underfull \vbox (badness 10000) detected at line 1732
 []


Overfull \vbox (6.24188pt too high) has occurred while \output is active []

Package babel Info: Redefining portuges shorthand "|
(babel)             in language  on input line 1732.
Package babel Info: Redefining portuges shorthand "|
(babel)             in language  on input line 1732.

[43]
Underfull \vbox (badness 10000) detected at line 1743
 []


Underfull \vbox (badness 10000) detected at line 1756
 []


Underfull \vbox (badness 10000) detected at line 1773
 []


Underfull \vbox (badness 10000) detected at line 1784
 []


Underfull \vbox (badness 10000) detected at line 1797
 []


Underfull \vbox (badness 10000) detected at line 1814
 []

Package babel Info: Redefining portuges shorthand "|
(babel)             in language  on input line 1814.
Package babel Info: Redefining portuges shorthand "|
(babel)             in language  on input line 1814.
[44]
Underfull \vbox (badness 10000) detected at line 1825
 []


Underfull \vbox (badness 10000) detected at line 1838
 []


Underfull \vbox (badness 10000) detected at line 1855
 []


Underfull \vbox (badness 10000) detected at line 1866
 []


Underfull \vbox (badness 10000) detected at line 1879
 []

Package babel Info: Redefining portuges shorthand "|
(babel)             in language  on input line 1879.
Package babel Info: Redefining portuges shorthand "|
(babel)             in language  on input line 1879.
[45]
Underfull \vbox (badness 10000) detected at line 1896
 []


Underfull \vbox (badness 10000) detected at line 1907
 []


Underfull \vbox (badness 10000) detected at line 1920
 []

LaTeX Font Info:    Font shape `T1/ptm/bx/it' in size <10> not available
(Font)              Font shape `T1/ptm/b/it' tried instead on input line 1921.
Package babel Info: Redefining portuges shorthand "|
(babel)             in language  on input line 1927.
Package babel Info: Redefining portuges shorthand "|
(babel)             in language  on input line 1934.
Package babel Info: Redefining portuges shorthand "|
(babel)             in language  on input line 1934.
[46]
Package babel Info: Redefining portuges shorthand "|
(babel)             in language  on input line 1939.
Package babel Info: Redefining portuges shorthand "|
(babel)             in language  on input line 1939.
 [47]
Package babel Info: Redefining portuges shorthand "|
(babel)             in language  on input line 1939.
Package babel Info: Redefining portuges shorthand "|
(babel)             in language  on input line 1939.
 [48

]
LaTeX Font Info:    Font shape `T1/phv/bx/it' in size <24.88> not available
(Font)              Font shape `T1/phv/b/it' tried instead on input line 1940.
LaTeX Font Info:    Font shape `T1/phv/b/it' in size <24.88> not available
(Font)              Font shape `T1/phv/b/sl' tried instead on input line 1940.
Package babel Info: Redefining portuges shorthand "|
(babel)             in language  on input line 1940.
Package babel Info: Redefining portuges shorthand "|
(babel)             in language  on input line 1941.
Package babel Info: Redefining portuges shorthand "|
(babel)             in language  on input line 1941.
 [49

]
Package babel Info: Redefining portuges shorthand "|
(babel)             in language  on input line 1941.
Package babel Info: Redefining portuges shorthand "|
(babel)             in language  on input line 1941.
 [50

]
LaTeX Font Info:    Font shape `T1/phv/bx/it' in size <14.4> not available
(Font)              Font shape `T1/phv/b/it' tried instead on input line 1942.
LaTeX Font Info:    Font shape `T1/phv/b/it' in size <14.4> not available
(Font)              Font shape `T1/phv/b/sl' tried instead on input line 1942.
Package babel Info: Redefining portuges shorthand "|
(babel)             in language  on input line 1942.
pdfTeX warning (ext4): destination with the same identifier (name{Hfootnote.4})
 has been already used, duplicate ignored
<to be read again> 
                   \relax 
l.1943 ...relax\footnotetext{Vers√£o Janeiro/2015}
                                                  }
Underfull \hbox (badness 10000) in paragraph at lines 1950--1951

 []


Underfull \hbox (badness 10000) in paragraph at lines 1952--1953

 []

Package babel Info: Redefining portuges shorthand "|
(babel)             in language  on input line 1954.

Overfull \hbox (9.57137pt too wide) in alignment at lines 1956--1973
 [] [] [] [] [] 
 []


Underfull \vbox (badness 10000) detected at line 1973
 []


Overfull \hbox (8.3472pt too wide) in alignment at lines 1975--1979
 [] [] [] 
 []


Underfull \vbox (badness 10000) detected at line 1979
 []

Package babel Info: Redefining portuges shorthand "|
(babel)             in language  on input line 1982.
Package babel Info: Redefining portuges shorthand "|
(babel)             in language  on input line 1982.
[51]
Overfull \hbox (9.57137pt too wide) in alignment at lines 1984--2001
 [] [] [] [] [] 
 []


Underfull \vbox (badness 10000) detected at line 2001
 []


Overfull \hbox (8.3472pt too wide) in alignment at lines 2003--2008
 [] [] [] 
 []


Underfull \vbox (badness 10000) detected at line 2008
 []


Overfull \hbox (9.57137pt too wide) in alignment at lines 2013--2030
 [] [] [] [] [] 
 []


Underfull \vbox (badness 10000) detected at line 2030
 []


Overfull \hbox (8.3472pt too wide) in alignment at lines 2032--2037
 [] [] [] 
 []


Underfull \vbox (badness 10000) detected at line 2037
 []

Package babel Info: Redefining portuges shorthand "|
(babel)             in language  on input line 2040.
Package babel Info: Redefining portuges shorthand "|
(babel)             in language  on input line 2040.
[52]
Overfull \hbox (9.57137pt too wide) in alignment at lines 2042--2059
 [] [] [] [] [] 
 []


Underfull \vbox (badness 10000) detected at line 2059
 []


Overfull \hbox (8.3472pt too wide) in alignment at lines 2061--2066
 [] [] [] 
 []


Underfull \vbox (badness 10000) detected at line 2066
 []


Overfull \hbox (9.57137pt too wide) in alignment at lines 2071--2088
 [] [] [] [] [] 
 []


Underfull \vbox (badness 10000) detected at line 2088
 []


Overfull \hbox (8.3472pt too wide) in alignment at lines 2090--2095
 [] [] [] 
 []


Underfull \vbox (badness 10000) detected at line 2095
 []

Package babel Info: Redefining portuges shorthand "|
(babel)             in language  on input line 2098.
Package babel Info: Redefining portuges shorthand "|
(babel)             in language  on input line 2098.
[53

]
Overfull \hbox (9.57137pt too wide) in alignment at lines 2100--2117
 [] [] [] [] [] 
 []


Underfull \vbox (badness 10000) detected at line 2117
 []


Overfull \hbox (8.3472pt too wide) in alignment at lines 2119--2124
 [] [] [] 
 []


Underfull \vbox (badness 10000) detected at line 2124
 []


Overfull \hbox (9.57137pt too wide) in alignment at lines 2129--2146
 [] [] [] [] [] 
 []


Underfull \vbox (badness 10000) detected at line 2146
 []


Overfull \hbox (8.3472pt too wide) in alignment at lines 2148--2153
 [] [] [] 
 []


Underfull \vbox (badness 10000) detected at line 2153
 []

Package babel Info: Redefining portuges shorthand "|
(babel)             in language  on input line 2156.
Package babel Info: Redefining portuges shorthand "|
(babel)             in language  on input line 2156.
[54

]
Overfull \hbox (9.57137pt too wide) in alignment at lines 2158--2175
 [] [] [] [] [] 
 []


Underfull \vbox (badness 10000) detected at line 2175
 []


Overfull \hbox (8.3472pt too wide) in alignment at lines 2177--2182
 [] [] [] 
 []


Underfull \vbox (badness 10000) detected at line 2182
 []


Overfull \hbox (9.57137pt too wide) in alignment at lines 2187--2204
 [] [] [] [] [] 
 []


Underfull \vbox (badness 10000) detected at line 2204
 []


Overfull \hbox (8.3472pt too wide) in alignment at lines 2206--2211
 [] [] [] 
 []


Underfull \vbox (badness 10000) detected at line 2211
 []

Package babel Info: Redefining portuges shorthand "|
(babel)             in language  on input line 2214.
Package babel Info: Redefining portuges shorthand "|
(babel)             in language  on input line 2214.
[55

]
Overfull \hbox (9.57137pt too wide) in alignment at lines 2216--2233
 [] [] [] [] [] 
 []


Underfull \vbox (badness 10000) detected at line 2233
 []


Overfull \hbox (8.3472pt too wide) in alignment at lines 2235--2240
 [] [] [] 
 []


Underfull \vbox (badness 10000) detected at line 2240
 []

Package babel Info: Redefining portuges shorthand "|
(babel)             in language  on input line 2245.
Package babel Info: Redefining portuges shorthand "|
(babel)             in language  on input line 2256.
Package babel Info: Redefining portuges shorthand "|
(babel)             in language  on input line 2256.
[56

]
Package babel Info: Redefining portuges shorthand "|
(babel)             in language  on input line 2258.
pdfTeX warning (ext4): destination with the same identifier (name{Hfootnote.4})
 has been already used, duplicate ignored
<to be read again> 
                   \relax 
l.2259 ...relax\footnotetext{Vers√£o Janeiro/2015}
                                                  }
Underfull \hbox (badness 10000) in paragraph at lines 2266--2267

 []


Underfull \hbox (badness 10000) in paragraph at lines 2268--2269

 []

Package babel Info: Redefining portuges shorthand "|
(babel)             in language  on input line 2270.

Underfull \vbox (badness 10000) detected at line 2292
 []

Package babel Info: Redefining portuges shorthand "|
(babel)             in language  on input line 2293.
Package babel Info: Redefining portuges shorthand "|
(babel)             in language  on input line 2293.
[57

]
Underfull \vbox (badness 10000) detected at line 2313
 []


Underfull \vbox (badness 10000) detected at line 2335
 []

Package babel Info: Redefining portuges shorthand "|
(babel)             in language  on input line 2336.
Package babel Info: Redefining portuges shorthand "|
(babel)             in language  on input line 2336.
[58

]
Underfull \vbox (badness 10000) detected at line 2357
 []


Underfull \vbox (badness 10000) detected at line 2378
 []

Package babel Info: Redefining portuges shorthand "|
(babel)             in language  on input line 2379.
Package babel Info: Redefining portuges shorthand "|
(babel)             in language  on input line 2379.
[59

]
Underfull \vbox (badness 10000) detected at line 2400
 []


Underfull \vbox (badness 10000) detected at line 2416
 []

Package babel Info: Redefining portuges shorthand "|
(babel)             in language  on input line 2420.

Underfull \vbox (badness 10000) detected at line 2441
 []


Underfull \vbox (badness 10000) has occurred while \output is active []

Package babel Info: Redefining portuges shorthand "|
(babel)             in language  on input line 2461.
Package babel Info: Redefining portuges shorthand "|
(babel)             in language  on input line 2461.
 [60

]
Underfull \vbox (badness 10000) detected at line 2461
 []


Underfull \vbox (badness 10000) detected at line 2481
 []


Underfull \vbox (badness 10000) detected at line 2500
 []


Underfull \vbox (badness 10000) has occurred while \output is active []

Package babel Info: Redefining portuges shorthand "|
(babel)             in language  on input line 2520.
Package babel Info: Redefining portuges shorthand "|
(babel)             in language  on input line 2520.
 [61]
Underfull \vbox (badness 10000) detected at line 2520
 []


Underfull \vbox (badness 10000) detected at line 2540
 []

Package babel Info: Redefining portuges shorthand "|
(babel)             in language  on input line 2544.
Package babel Info: Redefining portuges shorthand "|
(babel)             in language  on input line 2551.
Package babel Info: Redefining portuges shorthand "|
(babel)             in language  on input line 2551.
[62]
Package babel Info: Redefining portuges shorthand "|
(babel)             in language  on input line 2553.
pdfTeX warning (ext4): destination with the same identifier (name{Hfootnote.5})
 has been already used, duplicate ignored
<to be read again> 
                   \relax 
l.2554 ...relax\footnotetext{Vers√£o Janeiro/2015}
                                                  }
Underfull \hbox (badness 10000) in paragraph at lines 2561--2562

 []


Underfull \hbox (badness 10000) in paragraph at lines 2563--2564

 []

Package babel Info: Redefining portuges shorthand "|
(babel)             in language  on input line 2565.

Underfull \vbox (badness 10000) detected at line 2586
 []

Package babel Info: Redefining portuges shorthand "|
(babel)             in language  on input line 2589.
Package babel Info: Redefining portuges shorthand "|
(babel)             in language  on input line 2589.
[63

]
Package babel Info: Redefining portuges shorthand "|
(babel)             in language  on input line 2590.

Overfull \hbox (9.57137pt too wide) in alignment at lines 2593--2610
 [] [] [] [] [] 
 []


Underfull \vbox (badness 10000) detected at line 2610
 []


Overfull \hbox (8.3472pt too wide) in alignment at lines 2612--2617
 [] [] [] 
 []


Underfull \vbox (badness 10000) detected at line 2617
 []


Overfull \hbox (9.57137pt too wide) in alignment at lines 2623--2640
 [] [] [] [] [] 
 []


Underfull \vbox (badness 10000) detected at line 2640
 []


Overfull \hbox (8.3472pt too wide) in alignment at lines 2642--2647
 [] [] [] 
 []


Underfull \vbox (badness 10000) detected at line 2647
 []

Package babel Info: Redefining portuges shorthand "|
(babel)             in language  on input line 2650.
Package babel Info: Redefining portuges shorthand "|
(babel)             in language  on input line 2650.
[64

]
Overfull \hbox (9.57137pt too wide) in alignment at lines 2652--2669
 [] [] [] [] [] 
 []


Underfull \vbox (badness 10000) detected at line 2669
 []


Overfull \hbox (8.3472pt too wide) in alignment at lines 2671--2676
 [] [] [] 
 []


Underfull \vbox (badness 10000) detected at line 2676
 []


Overfull \hbox (9.57137pt too wide) in alignment at lines 2682--2699
 [] [] [] [] [] 
 []


Underfull \vbox (badness 10000) detected at line 2699
 []


Overfull \hbox (8.3472pt too wide) in alignment at lines 2701--2706
 [] [] [] 
 []


Underfull \vbox (badness 10000) detected at line 2706
 []

Package babel Info: Redefining portuges shorthand "|
(babel)             in language  on input line 2709.
Package babel Info: Redefining portuges shorthand "|
(babel)             in language  on input line 2709.
[65

]
Overfull \hbox (9.57137pt too wide) in alignment at lines 2711--2728
 [] [] [] [] [] 
 []


Underfull \vbox (badness 10000) detected at line 2728
 []


Overfull \hbox (8.3472pt too wide) in alignment at lines 2730--2735
 [] [] [] 
 []


Underfull \vbox (badness 10000) detected at line 2735
 []


Overfull \hbox (9.57137pt too wide) in alignment at lines 2741--2758
 [] [] [] [] [] 
 []


Underfull \vbox (badness 10000) detected at line 2758
 []


Overfull \hbox (8.3472pt too wide) in alignment at lines 2760--2765
 [] [] [] 
 []


Underfull \vbox (badness 10000) detected at line 2765
 []

Package babel Info: Redefining portuges shorthand "|
(babel)             in language  on input line 2768.
Package babel Info: Redefining portuges shorthand "|
(babel)             in language  on input line 2768.
[66

]
Overfull \hbox (9.57137pt too wide) in alignment at lines 2770--2787
 [] [] [] [] [] 
 []


Underfull \vbox (badness 10000) detected at line 2787
 []


Overfull \hbox (8.3472pt too wide) in alignment at lines 2789--2794
 [] [] [] 
 []


Underfull \vbox (badness 10000) detected at line 2794
 []


Overfull \hbox (9.57137pt too wide) in alignment at lines 2800--2817
 [] [] [] [] [] 
 []


Underfull \vbox (badness 10000) detected at line 2817
 []


Overfull \hbox (8.3472pt too wide) in alignment at lines 2819--2824
 [] [] [] 
 []


Underfull \vbox (badness 10000) detected at line 2824
 []

Package babel Info: Redefining portuges shorthand "|
(babel)             in language  on input line 2827.
Package babel Info: Redefining portuges shorthand "|
(babel)             in language  on input line 2827.
[67

]
Overfull \hbox (9.57137pt too wide) in alignment at lines 2829--2846
 [] [] [] [] [] 
 []


Underfull \vbox (badness 10000) detected at line 2846
 []


Overfull \hbox (8.3472pt too wide) in alignment at lines 2848--2853
 [] [] [] 
 []


Underfull \vbox (badness 10000) detected at line 2853
 []


Overfull \hbox (9.57137pt too wide) in alignment at lines 2858--2875
 [] [] [] [] [] 
 []


Underfull \vbox (badness 10000) detected at line 2875
 []


Overfull \hbox (8.3472pt too wide) in alignment at lines 2877--2882
 [] [] [] 
 []


Underfull \vbox (badness 10000) detected at line 2882
 []

Package babel Info: Redefining portuges shorthand "|
(babel)             in language  on input line 2887.

Underfull \hbox (badness 10000) in paragraph at lines 2896--2897

 []

Package babel Info: Redefining portuges shorthand "|
(babel)             in language  on input line 2897.
Package babel Info: Redefining portuges shorthand "|
(babel)             in language  on input line 2897.
[68

]
Package babel Info: Redefining portuges shorthand "|
(babel)             in language  on input line 2897.
Package babel Info: Redefining portuges shorthand "|
(babel)             in language  on input line 2897.
 [69]
Package babel Info: Redefining portuges shorthand "|
(babel)             in language  on input line 2897.
Package babel Info: Redefining portuges shorthand "|
(babel)             in language  on input line 2897.
 [70

]
Package babel Info: Redefining portuges shorthand "|
(babel)             in language  on input line 2899.
pdfTeX warning (ext4): destination with the same identifier (name{Hfootnote.6})
 has been already used, duplicate ignored
<to be read again> 
                   \relax 
l.2900 ...relax\footnotetext{Vers√£o Janeiro/2015}
                                                  }
Underfull \hbox (badness 10000) in paragraph at lines 2908--2909

 []


Underfull \hbox (badness 10000) in paragraph at lines 2910--2911

 []

Package babel Info: Redefining portuges shorthand "|
(babel)             in language  on input line 2912.

Underfull \vbox (badness 10000) detected at line 2943
 []


Underfull \vbox (badness 10000) detected at line 2956
 []

Package babel Info: Redefining portuges shorthand "|
(babel)             in language  on input line 2956.
Package babel Info: Redefining portuges shorthand "|
(babel)             in language  on input line 2956.
[71]
Underfull \vbox (badness 10000) detected at line 2983
 []

Package babel Info: Redefining portuges shorthand "|
(babel)             in language  on input line 2988.
Package babel Info: Redefining portuges shorthand "|
(babel)             in language  on input line 2988.
[72]
Package babel Info: Redefining portuges shorthand "|
(babel)             in language  on input line 2989.

Underfull \vbox (badness 10000) detected at line 3007
 []


Underfull \vbox (badness 10000) detected at line 3024
 []


Underfull \vbox (badness 10000) detected at line 3041
 []

Package babel Info: Redefining portuges shorthand "|
(babel)             in language  on input line 3059.
Package babel Info: Redefining portuges shorthand "|
(babel)             in language  on input line 3059.
[73

]
Underfull \vbox (badness 10000) detected at line 3059
 []


Underfull \vbox (badness 10000) detected at line 3076
 []


Underfull \vbox (badness 10000) detected at line 3093
 []


Underfull \vbox (badness 3364) has occurred while \output is active []

Package babel Info: Redefining portuges shorthand "|
(babel)             in language  on input line 3111.
Package babel Info: Redefining portuges shorthand "|
(babel)             in language  on input line 3111.
 [74]
Underfull \vbox (badness 10000) detected at line 3111
 []


Underfull \vbox (badness 10000) detected at line 3128
 []

Package babel Info: Redefining portuges shorthand "|
(babel)             in language  on input line 3133.
Package babel Info: Redefining portuges shorthand "|
(babel)             in language  on input line 3150.
Package babel Info: Redefining portuges shorthand "|
(babel)             in language  on input line 3150.
[75]
Underfull \hbox (badness 10000) in paragraph at lines 3155--3156
[]|\T1/ptm/b/n/10 RecomendaÁıes de tra-ta-
 []


Underfull \vbox (badness 10000) detected at line 3169
 []


Underfull \hbox (badness 10000) in paragraph at lines 3174--3175
[]|\T1/ptm/b/n/10 RecomendaÁıes de tra-ta-
 []


Underfull \vbox (badness 10000) detected at line 3190
 []


Underfull \vbox (badness 10000) has occurred while \output is active []

Package babel Info: Redefining portuges shorthand "|
(babel)             in language  on input line 3197.
Package babel Info: Redefining portuges shorthand "|
(babel)             in language  on input line 3197.
 [76]
Package babel Info: Redefining portuges shorthand "|
(babel)             in language  on input line 3197.
Package babel Info: Redefining portuges shorthand "|
(babel)             in language  on input line 3197.

[77]
Package babel Info: Redefining portuges shorthand "|
(babel)             in language  on input line 3197.
Package babel Info: Redefining portuges shorthand "|
(babel)             in language  on input line 3197.
 [78

]
Package babel Info: Redefining portuges shorthand "|
(babel)             in language  on input line 3199.
pdfTeX warning (ext4): destination with the same identifier (name{Hfootnote.7})
 has been already used, duplicate ignored
<to be read again> 
                   \relax 
l.3200 ...relax\footnotetext{Vers√£o Janeiro/2015}
                                                  }
Underfull \hbox (badness 10000) in paragraph at lines 3208--3209

 []


Underfull \hbox (badness 10000) in paragraph at lines 3210--3211

 []

Package babel Info: Redefining portuges shorthand "|
(babel)             in language  on input line 3212.

Underfull \vbox (badness 10000) detected at line 3232
 []


Underfull \vbox (badness 10000) detected at line 3239
 []

Package babel Info: Redefining portuges shorthand "|
(babel)             in language  on input line 3242.
Package babel Info: Redefining portuges shorthand "|
(babel)             in language  on input line 3242.
[79]
Underfull \vbox (badness 10000) detected at line 3258
 []


Underfull \vbox (badness 10000) detected at line 3265
 []

Package babel Info: Redefining portuges shorthand "|
(babel)             in language  on input line 3272.

Underfull \vbox (badness 10000) detected at line 3298
 []


Underfull \vbox (badness 10000) detected at line 3307
 []


Underfull \vbox (badness 10000) detected at line 3331
 []

Package babel Info: Redefining portuges shorthand "|
(babel)             in language  on input line 3331.
Package babel Info: Redefining portuges shorthand "|
(babel)             in language  on input line 3331.
[80

]
Underfull \vbox (badness 10000) detected at line 3340
 []


Underfull \vbox (badness 10000) detected at line 3363
 []

Package babel Info: Redefining portuges shorthand "|
(babel)             in language  on input line 3364.
Package babel Info: Redefining portuges shorthand "|
(babel)             in language  on input line 3364.
[81]
Underfull \vbox (badness 10000) detected at line 3373
 []


Underfull \vbox (badness 10000) detected at line 3395
 []

Package babel Info: Redefining portuges shorthand "|
(babel)             in language  on input line 3398.
LaTeX Font Info:    Font shape `T1/ptm/bx/n' in size <7> not available
(Font)              Font shape `T1/ptm/b/n' tried instead on input line 3407.

Underfull \hbox (badness 10000) in paragraph at lines 3411--3412

 []

Package babel Info: Redefining portuges shorthand "|
(babel)             in language  on input line 3413.
Package babel Info: Redefining portuges shorthand "|
(babel)             in language  on input line 3413.
[82

]
\tf@toc=\write5
\openout5 = `CPC-NEURO2014_0.2.toc'.

\tf@lof=\write6
\openout6 = `CPC-NEURO2014_0.2.lof'.

\tf@lot=\write7
\openout7 = `CPC-NEURO2014_0.2.lot'.

Package atveryend Info: Empty hook `BeforeClearDocument' on input line 3413.
Package atveryend Info: Empty hook `AfterLastShipout' on input line 3413.
 (./CPC-NEURO2014_0.2.aux)
Package atveryend Info: Executing hook `AtVeryEndDocument' on input line 3413.
Package atveryend Info: Executing hook `AtEndAfterFileList' on input line 3413.

Package rerunfilecheck Info: File `CPC-NEURO2014_0.2.out' has not changed.
(rerunfilecheck)             Checksum: 63F4966D2DD50BB654390A95AAFE1CB1;4211.


LaTeX Warning: There were undefined references.

Package atveryend Info: Empty hook `AtVeryVeryEnd' on input line 3413.
 ) 
Here is how much of TeX's memory you used:
 13862 strings out of 493117
 202760 string characters out of 6135432
 397194 words of memory out of 5000000
 16592 multiletter control sequences out of 15000+600000
 114776 words of font info for 264 fonts, out of 8000000 for 9000
 1141 hyphenation exceptions out of 8191
 38i,12n,40p,3325b,521s stack positions out of 5000i,500n,10000p,200000b,80000s
{/usr/local/texlive/2014/texmf-dist/fonts/enc/dvips/base/8r.enc}</usr/local/t
exlive/2014/texmf-dist/fonts/type1/public/amsfonts/cm/cmmi10.pfb></usr/local/te
xlive/2014/texmf-dist/fonts/type1/public/amsfonts/cm/cmr10.pfb></usr/local/texl
ive/2014/texmf-dist/fonts/type1/public/amsfonts/cm/cmr7.pfb></usr/local/texlive
/2014/texmf-dist/fonts/type1/public/amsfonts/cm/cmr8.pfb></usr/local/texlive/20
14/texmf-dist/fonts/type1/public/amsfonts/cm/cmsy10.pfb></usr/local/texlive/201
4/texmf-dist/fonts/type1/urw/helvetic/uhvb8a.pfb></usr/local/texlive/2014/texmf
-dist/fonts/type1/urw/helvetic/uhvbo8a.pfb></usr/local/texlive/2014/texmf-dist/
fonts/type1/urw/helvetic/uhvro8a.pfb></usr/local/texlive/2014/texmf-dist/fonts/
type1/urw/times/utmb8a.pfb></usr/local/texlive/2014/texmf-dist/fonts/type1/urw/
times/utmbi8a.pfb></usr/local/texlive/2014/texmf-dist/fonts/type1/urw/times/utm
r8a.pfb></usr/local/texlive/2014/texmf-dist/fonts/type1/urw/times/utmri8a.pfb>
Output written on CPC-NEURO2014_0.2.pdf (92 pages, 379578 bytes).
PDF statistics:
 911 PDF objects out of 1000 (max. 8388607)
 791 compressed objects within 8 object streams
 279 named destinations out of 1000 (max. 500000)
 51602 words of extra memory for PDF output out of 61914 (max. 10000000)

